{"C:\\Users\\M R Varun\\Desktop\\M R Varun\\viteapp_final\\src\\components\\DataToolbar.jsx": {"path":"C:\\Users\\M R Varun\\Desktop\\M R Varun\\viteapp_final\\src\\components\\DataToolbar.jsx","statementMap":{"0":{"start":{"line":10,"column":32},"end":{"line":10,"column":44}},"1":{"start":{"line":11,"column":32},"end":{"line":11,"column":47}},"2":{"start":{"line":15,"column":21},"end":{"line":15,"column":63}},"3":{"start":{"line":17,"column":8},"end":{"line":21,"column":9}},"4":{"start":{"line":19,"column":12},"end":{"line":19,"column":75}},"5":{"start":{"line":19,"column":45},"end":{"line":19,"column":73}},"6":{"start":{"line":23,"column":8},"end":{"line":23,"column":33}},"7":{"start":{"line":29,"column":8},"end":{"line":29,"column":38}},"8":{"start":{"line":31,"column":21},"end":{"line":31,"column":75}},"9":{"start":{"line":33,"column":8},"end":{"line":37,"column":9}},"10":{"start":{"line":35,"column":12},"end":{"line":35,"column":75}},"11":{"start":{"line":35,"column":45},"end":{"line":35,"column":73}},"12":{"start":{"line":39,"column":8},"end":{"line":39,"column":33}},"13":{"start":{"line":45,"column":8},"end":{"line":45,"column":45}},"14":{"start":{"line":49,"column":4},"end":{"line":99,"column":6}},"15":{"start":{"line":76,"column":24},"end":{"line":76,"column":54}},"16":{"start":{"line":78,"column":24},"end":{"line":78,"column":39}}},"fnMap":{"0":{"name":"DataToolbar","decl":{"start":{"line":8,"column":9},"end":{"line":8,"column":20}},"loc":{"start":{"line":8,"column":76},"end":{"line":101,"column":1}},"line":8},"1":{"name":"applyFilters","decl":{"start":{"line":13,"column":13},"end":{"line":13,"column":25}},"loc":{"start":{"line":13,"column":28},"end":{"line":25,"column":5}},"line":13},"2":{"name":"(anonymous_2)","decl":{"start":{"line":19,"column":35},"end":{"line":19,"column":36}},"loc":{"start":{"line":19,"column":45},"end":{"line":19,"column":73}},"line":19},"3":{"name":"handleSearchChange","decl":{"start":{"line":27,"column":13},"end":{"line":27,"column":31}},"loc":{"start":{"line":27,"column":39},"end":{"line":41,"column":5}},"line":27},"4":{"name":"(anonymous_4)","decl":{"start":{"line":35,"column":35},"end":{"line":35,"column":36}},"loc":{"start":{"line":35,"column":45},"end":{"line":35,"column":73}},"line":35},"5":{"name":"handleExport","decl":{"start":{"line":43,"column":13},"end":{"line":43,"column":25}},"loc":{"start":{"line":43,"column":28},"end":{"line":47,"column":5}},"line":43},"6":{"name":"(anonymous_6)","decl":{"start":{"line":74,"column":30},"end":{"line":74,"column":31}},"loc":{"start":{"line":74,"column":41},"end":{"line":80,"column":21}},"line":74}},"branchMap":{"0":{"loc":{"start":{"line":17,"column":8},"end":{"line":21,"column":9}},"type":"if","locations":[{"start":{"line":17,"column":8},"end":{"line":21,"column":9}},{"start":{},"end":{}}],"line":17},"1":{"loc":{"start":{"line":17,"column":12},"end":{"line":17,"column":43}},"type":"binary-expr","locations":[{"start":{"line":17,"column":12},"end":{"line":17,"column":28}},{"start":{"line":17,"column":32},"end":{"line":17,"column":43}}],"line":17},"2":{"loc":{"start":{"line":33,"column":8},"end":{"line":37,"column":9}},"type":"if","locations":[{"start":{"line":33,"column":8},"end":{"line":37,"column":9}},{"start":{},"end":{}}],"line":33},"3":{"loc":{"start":{"line":33,"column":12},"end":{"line":33,"column":43}},"type":"binary-expr","locations":[{"start":{"line":33,"column":12},"end":{"line":33,"column":28}},{"start":{"line":33,"column":32},"end":{"line":33,"column":43}}],"line":33},"4":{"loc":{"start":{"line":67,"column":13},"end":{"line":89,"column":13}},"type":"binary-expr","locations":[{"start":{"line":67,"column":13},"end":{"line":67,"column":24}},{"start":{"line":69,"column":16},"end":{"line":87,"column":28}}],"line":67}},"s":{"0":0,"1":0,"2":0,"3":0,"4":0,"5":0,"6":0,"7":0,"8":0,"9":0,"10":0,"11":0,"12":0,"13":0,"14":0,"15":0,"16":0},"f":{"0":0,"1":0,"2":0,"3":0,"4":0,"5":0,"6":0},"b":{"0":[0,0],"1":[0,0],"2":[0,0],"3":[0,0],"4":[0,0]},"_coverageSchema":"1a1c01bbd47fc00a2c39e90264f33305004495a9","hash":"d51cae719ffdfd5d7e669b1cc830a3600289b6da"}
,"C:\\Users\\M R Varun\\Desktop\\M R Varun\\viteapp_final\\src\\components\\ErrorState.jsx": {"path":"C:\\Users\\M R Varun\\Desktop\\M R Varun\\viteapp_final\\src\\components\\ErrorState.jsx","statementMap":{"0":{"start":{"line":6,"column":4},"end":{"line":26,"column":6}}},"fnMap":{"0":{"name":"ErrorState","decl":{"start":{"line":4,"column":9},"end":{"line":4,"column":19}},"loc":{"start":{"line":4,"column":33},"end":{"line":28,"column":1}},"line":4}},"branchMap":{},"s":{"0":1},"f":{"0":1},"b":{},"_coverageSchema":"1a1c01bbd47fc00a2c39e90264f33305004495a9","hash":"6723d53fda614f5d1d6299fe8d69a84161371887"}
,"C:\\Users\\M R Varun\\Desktop\\M R Varun\\viteapp_final\\src\\components\\GlobalSearch.jsx": {"path":"C:\\Users\\M R Varun\\Desktop\\M R Varun\\viteapp_final\\src\\components\\GlobalSearch.jsx","statementMap":{"0":{"start":{"line":15,"column":21},"end":{"line":15,"column":34}},"1":{"start":{"line":16,"column":21},"end":{"line":16,"column":34}},"2":{"start":{"line":18,"column":30},"end":{"line":18,"column":42}},"3":{"start":{"line":19,"column":34},"end":{"line":19,"column":46}},"4":{"start":{"line":23,"column":22},"end":{"line":23,"column":40}},"5":{"start":{"line":25,"column":8},"end":{"line":25,"column":24}},"6":{"start":{"line":27,"column":8},"end":{"line":27,"column":41}},"7":{"start":{"line":29,"column":8},"end":{"line":32,"column":9}},"8":{"start":{"line":30,"column":12},"end":{"line":30,"column":27}},"9":{"start":{"line":31,"column":12},"end":{"line":31,"column":19}},"10":{"start":{"line":34,"column":27},"end":{"line":34,"column":46}},"11":{"start":{"line":36,"column":30},"end":{"line":38,"column":95}},"12":{"start":{"line":37,"column":30},"end":{"line":37,"column":74}},"13":{"start":{"line":38,"column":28},"end":{"line":38,"column":93}},"14":{"start":{"line":40,"column":31},"end":{"line":42,"column":110}},"15":{"start":{"line":41,"column":30},"end":{"line":41,"column":80}},"16":{"start":{"line":42,"column":28},"end":{"line":42,"column":108}},"17":{"start":{"line":44,"column":30},"end":{"line":46,"column":85}},"18":{"start":{"line":45,"column":30},"end":{"line":45,"column":75}},"19":{"start":{"line":46,"column":28},"end":{"line":46,"column":83}},"20":{"start":{"line":48,"column":8},"end":{"line":48,"column":88}},"21":{"start":{"line":54,"column":8},"end":{"line":54,"column":23}},"22":{"start":{"line":56,"column":8},"end":{"line":56,"column":21}},"23":{"start":{"line":58,"column":8},"end":{"line":58,"column":23}},"24":{"start":{"line":62,"column":4},"end":{"line":113,"column":6}},"25":{"start":{"line":93,"column":24},"end":{"line":103,"column":37}},"26":{"start":{"line":100,"column":43},"end":{"line":100,"column":64}}},"fnMap":{"0":{"name":"GlobalSearch","decl":{"start":{"line":13,"column":9},"end":{"line":13,"column":21}},"loc":{"start":{"line":13,"column":24},"end":{"line":115,"column":1}},"line":13},"1":{"name":"handleChange","decl":{"start":{"line":21,"column":13},"end":{"line":21,"column":25}},"loc":{"start":{"line":21,"column":33},"end":{"line":50,"column":5}},"line":21},"2":{"name":"(anonymous_2)","decl":{"start":{"line":37,"column":20},"end":{"line":37,"column":21}},"loc":{"start":{"line":37,"column":30},"end":{"line":37,"column":74}},"line":37},"3":{"name":"(anonymous_3)","decl":{"start":{"line":38,"column":17},"end":{"line":38,"column":18}},"loc":{"start":{"line":38,"column":28},"end":{"line":38,"column":93}},"line":38},"4":{"name":"(anonymous_4)","decl":{"start":{"line":41,"column":20},"end":{"line":41,"column":21}},"loc":{"start":{"line":41,"column":30},"end":{"line":41,"column":80}},"line":41},"5":{"name":"(anonymous_5)","decl":{"start":{"line":42,"column":17},"end":{"line":42,"column":18}},"loc":{"start":{"line":42,"column":28},"end":{"line":42,"column":108}},"line":42},"6":{"name":"(anonymous_6)","decl":{"start":{"line":45,"column":20},"end":{"line":45,"column":21}},"loc":{"start":{"line":45,"column":30},"end":{"line":45,"column":75}},"line":45},"7":{"name":"(anonymous_7)","decl":{"start":{"line":46,"column":17},"end":{"line":46,"column":18}},"loc":{"start":{"line":46,"column":28},"end":{"line":46,"column":83}},"line":46},"8":{"name":"goToResult","decl":{"start":{"line":52,"column":13},"end":{"line":52,"column":23}},"loc":{"start":{"line":52,"column":30},"end":{"line":60,"column":5}},"line":52},"9":{"name":"(anonymous_9)","decl":{"start":{"line":91,"column":33},"end":{"line":91,"column":34}},"loc":{"start":{"line":93,"column":24},"end":{"line":103,"column":37}},"line":93},"10":{"name":"(anonymous_10)","decl":{"start":{"line":100,"column":37},"end":{"line":100,"column":38}},"loc":{"start":{"line":100,"column":43},"end":{"line":100,"column":64}},"line":100}},"branchMap":{"0":{"loc":{"start":{"line":29,"column":8},"end":{"line":32,"column":9}},"type":"if","locations":[{"start":{"line":29,"column":8},"end":{"line":32,"column":9}},{"start":{},"end":{}}],"line":29},"1":{"loc":{"start":{"line":79,"column":13},"end":{"line":109,"column":13}},"type":"binary-expr","locations":[{"start":{"line":79,"column":13},"end":{"line":79,"column":31}},{"start":{"line":81,"column":16},"end":{"line":107,"column":24}}],"line":79}},"s":{"0":0,"1":0,"2":0,"3":0,"4":0,"5":0,"6":0,"7":0,"8":0,"9":0,"10":0,"11":0,"12":0,"13":0,"14":0,"15":0,"16":0,"17":0,"18":0,"19":0,"20":0,"21":0,"22":0,"23":0,"24":0,"25":0,"26":0},"f":{"0":0,"1":0,"2":0,"3":0,"4":0,"5":0,"6":0,"7":0,"8":0,"9":0,"10":0},"b":{"0":[0,0],"1":[0,0]},"_coverageSchema":"1a1c01bbd47fc00a2c39e90264f33305004495a9","hash":"77506af2f10a705495d37216f8cf51ca2cb58153"}
,"C:\\Users\\M R Varun\\Desktop\\M R Varun\\viteapp_final\\src\\components\\HeaderActions.jsx": {"path":"C:\\Users\\M R Varun\\Desktop\\M R Varun\\viteapp_final\\src\\components\\HeaderActions.jsx","statementMap":{"0":{"start":{"line":20,"column":21},"end":{"line":20,"column":34}},"1":{"start":{"line":22,"column":35},"end":{"line":22,"column":44}},"2":{"start":{"line":23,"column":28},"end":{"line":23,"column":45}},"3":{"start":{"line":24,"column":38},"end":{"line":24,"column":48}},"4":{"start":{"line":26,"column":36},"end":{"line":26,"column":50}},"5":{"start":{"line":29,"column":8},"end":{"line":29,"column":41}},"6":{"start":{"line":33,"column":8},"end":{"line":33,"column":26}},"7":{"start":{"line":37,"column":8},"end":{"line":37,"column":23}},"8":{"start":{"line":38,"column":8},"end":{"line":38,"column":20}},"9":{"start":{"line":39,"column":8},"end":{"line":39,"column":27}},"10":{"start":{"line":42,"column":4},"end":{"line":112,"column":6}},"11":{"start":{"line":96,"column":43},"end":{"line":96,"column":55}},"12":{"start":{"line":96,"column":56},"end":{"line":96,"column":78}}},"fnMap":{"0":{"name":"HeaderActions","decl":{"start":{"line":18,"column":9},"end":{"line":18,"column":22}},"loc":{"start":{"line":18,"column":25},"end":{"line":114,"column":1}},"line":18},"1":{"name":"openMenu","decl":{"start":{"line":28,"column":13},"end":{"line":28,"column":21}},"loc":{"start":{"line":28,"column":29},"end":{"line":30,"column":5}},"line":28},"2":{"name":"closeMenu","decl":{"start":{"line":32,"column":13},"end":{"line":32,"column":22}},"loc":{"start":{"line":32,"column":25},"end":{"line":34,"column":5}},"line":32},"3":{"name":"logoutUser","decl":{"start":{"line":36,"column":13},"end":{"line":36,"column":23}},"loc":{"start":{"line":36,"column":26},"end":{"line":40,"column":5}},"line":36},"4":{"name":"(anonymous_4)","decl":{"start":{"line":96,"column":35},"end":{"line":96,"column":36}},"loc":{"start":{"line":96,"column":41},"end":{"line":96,"column":80}},"line":96}},"branchMap":{"0":{"loc":{"start":{"line":60,"column":17},"end":{"line":60,"column":64}},"type":"cond-expr","locations":[{"start":{"line":60,"column":28},"end":{"line":60,"column":45}},{"start":{"line":60,"column":48},"end":{"line":60,"column":64}}],"line":60},"1":{"loc":{"start":{"line":90,"column":25},"end":{"line":90,"column":45}},"type":"binary-expr","locations":[{"start":{"line":90,"column":25},"end":{"line":90,"column":35}},{"start":{"line":90,"column":39},"end":{"line":90,"column":45}}],"line":90}},"s":{"0":0,"1":0,"2":0,"3":0,"4":0,"5":0,"6":0,"7":0,"8":0,"9":0,"10":0,"11":0,"12":0},"f":{"0":0,"1":0,"2":0,"3":0,"4":0},"b":{"0":[0,0],"1":[0,0]},"_coverageSchema":"1a1c01bbd47fc00a2c39e90264f33305004495a9","hash":"e3cc985fbaa59f216957059b2496340f75d8c46c"}
,"C:\\Users\\M R Varun\\Desktop\\M R Varun\\viteapp_final\\src\\components\\KpiCard.jsx": {"path":"C:\\Users\\M R Varun\\Desktop\\M R Varun\\viteapp_final\\src\\components\\KpiCard.jsx","statementMap":{"0":{"start":{"line":8,"column":4},"end":{"line":36,"column":6}}},"fnMap":{"0":{"name":"KpiCard","decl":{"start":{"line":6,"column":9},"end":{"line":6,"column":16}},"loc":{"start":{"line":6,"column":35},"end":{"line":38,"column":1}},"line":6}},"branchMap":{},"s":{"0":4},"f":{"0":4},"b":{},"_coverageSchema":"1a1c01bbd47fc00a2c39e90264f33305004495a9","hash":"5bf323ebef89293e0a8d8f19ac2955524682ef1e"}
,"C:\\Users\\M R Varun\\Desktop\\M R Varun\\viteapp_final\\src\\components\\Loader.jsx": {"path":"C:\\Users\\M R Varun\\Desktop\\M R Varun\\viteapp_final\\src\\components\\Loader.jsx","statementMap":{"0":{"start":{"line":7,"column":4},"end":{"line":22,"column":6}}},"fnMap":{"0":{"name":"Loader","decl":{"start":{"line":5,"column":9},"end":{"line":5,"column":15}},"loc":{"start":{"line":5,"column":18},"end":{"line":24,"column":1}},"line":5}},"branchMap":{},"s":{"0":7},"f":{"0":7},"b":{},"_coverageSchema":"1a1c01bbd47fc00a2c39e90264f33305004495a9","hash":"32ec565360b6f6efbf4cdc54e47d329af3f7144a"}
,"C:\\Users\\M R Varun\\Desktop\\M R Varun\\viteapp_final\\src\\components\\RiskCharts.jsx": {"path":"C:\\Users\\M R Varun\\Desktop\\M R Varun\\viteapp_final\\src\\components\\RiskCharts.jsx","statementMap":{"0":{"start":{"line":19,"column":20},"end":{"line":23,"column":5}},"1":{"start":{"line":20,"column":51},"end":{"line":20,"column":69}},"2":{"start":{"line":21,"column":53},"end":{"line":21,"column":73}},"3":{"start":{"line":22,"column":50},"end":{"line":22,"column":67}},"4":{"start":{"line":25,"column":19},"end":{"line":25,"column":52}},"5":{"start":{"line":27,"column":4},"end":{"line":112,"column":6}},"6":{"start":{"line":61,"column":36},"end":{"line":64,"column":38}}},"fnMap":{"0":{"name":"RiskCharts","decl":{"start":{"line":17,"column":9},"end":{"line":17,"column":19}},"loc":{"start":{"line":17,"column":31},"end":{"line":114,"column":1}},"line":17},"1":{"name":"(anonymous_1)","decl":{"start":{"line":20,"column":44},"end":{"line":20,"column":45}},"loc":{"start":{"line":20,"column":51},"end":{"line":20,"column":69}},"line":20},"2":{"name":"(anonymous_2)","decl":{"start":{"line":21,"column":46},"end":{"line":21,"column":47}},"loc":{"start":{"line":21,"column":53},"end":{"line":21,"column":73}},"line":21},"3":{"name":"(anonymous_3)","decl":{"start":{"line":22,"column":43},"end":{"line":22,"column":44}},"loc":{"start":{"line":22,"column":50},"end":{"line":22,"column":67}},"line":22},"4":{"name":"(anonymous_4)","decl":{"start":{"line":59,"column":45},"end":{"line":59,"column":46}},"loc":{"start":{"line":61,"column":36},"end":{"line":64,"column":38}},"line":61}},"branchMap":{},"s":{"0":1,"1":1,"2":1,"3":1,"4":1,"5":1,"6":3},"f":{"0":1,"1":1,"2":1,"3":1,"4":3},"b":{},"_coverageSchema":"1a1c01bbd47fc00a2c39e90264f33305004495a9","hash":"ff683a3e0f6ca28104c69db34f0469ec76e03ca8"}
,"C:\\Users\\M R Varun\\Desktop\\M R Varun\\viteapp_final\\src\\components\\SearchBar.jsx": {"path":"C:\\Users\\M R Varun\\Desktop\\M R Varun\\viteapp_final\\src\\components\\SearchBar.jsx","statementMap":{"0":{"start":{"line":6,"column":4},"end":{"line":20,"column":6}},"1":{"start":{"line":12,"column":29},"end":{"line":12,"column":65}}},"fnMap":{"0":{"name":"SearchBar","decl":{"start":{"line":4,"column":9},"end":{"line":4,"column":18}},"loc":{"start":{"line":4,"column":33},"end":{"line":22,"column":1}},"line":4},"1":{"name":"(anonymous_1)","decl":{"start":{"line":12,"column":22},"end":{"line":12,"column":23}},"loc":{"start":{"line":12,"column":29},"end":{"line":12,"column":65}},"line":12}},"branchMap":{"0":{"loc":{"start":{"line":12,"column":29},"end":{"line":12,"column":65}},"type":"binary-expr","locations":[{"start":{"line":12,"column":29},"end":{"line":12,"column":37}},{"start":{"line":12,"column":41},"end":{"line":12,"column":65}}],"line":12}},"s":{"0":1,"1":1},"f":{"0":1,"1":1},"b":{"0":[1,1]},"_coverageSchema":"1a1c01bbd47fc00a2c39e90264f33305004495a9","hash":"072f663b5d38fda5441758fdca84da21c55d9b99"}
,"C:\\Users\\M R Varun\\Desktop\\M R Varun\\viteapp_final\\src\\components\\SettingsPanel.jsx": {"path":"C:\\Users\\M R Varun\\Desktop\\M R Varun\\viteapp_final\\src\\components\\SettingsPanel.jsx","statementMap":{"0":{"start":{"line":17,"column":22},"end":{"line":20,"column":13}},"1":{"start":{"line":22,"column":22},"end":{"line":154,"column":2}},"2":{"start":{"line":23,"column":21},"end":{"line":23,"column":34}},"3":{"start":{"line":24,"column":20},"end":{"line":24,"column":60}},"4":{"start":{"line":24,"column":43},"end":{"line":24,"column":59}},"5":{"start":{"line":25,"column":24},"end":{"line":25,"column":68}},"6":{"start":{"line":25,"column":47},"end":{"line":25,"column":67}},"7":{"start":{"line":26,"column":21},"end":{"line":26,"column":62}},"8":{"start":{"line":26,"column":44},"end":{"line":26,"column":61}},"9":{"start":{"line":28,"column":34},"end":{"line":28,"column":46}},"10":{"start":{"line":30,"column":62},"end":{"line":36,"column":6}},"11":{"start":{"line":38,"column":28},"end":{"line":41,"column":5}},"12":{"start":{"line":39,"column":8},"end":{"line":39,"column":72}},"13":{"start":{"line":40,"column":8},"end":{"line":40,"column":49}},"14":{"start":{"line":44,"column":8},"end":{"line":44,"column":49}},"15":{"start":{"line":45,"column":8},"end":{"line":45,"column":53}},"16":{"start":{"line":49,"column":8},"end":{"line":49,"column":32}},"17":{"start":{"line":52,"column":4},"end":{"line":153,"column":6}},"18":{"start":{"line":59,"column":87},"end":{"line":59,"column":101}},"19":{"start":{"line":102,"column":53},"end":{"line":105,"column":39}},"20":{"start":{"line":123,"column":53},"end":{"line":126,"column":39}},"21":{"start":{"line":146,"column":39},"end":{"line":146,"column":91}}},"fnMap":{"0":{"name":"SettingsPanel","decl":{"start":{"line":22,"column":42},"end":{"line":22,"column":55}},"loc":{"start":{"line":22,"column":58},"end":{"line":154,"column":1}},"line":22},"1":{"name":"(anonymous_1)","decl":{"start":{"line":24,"column":32},"end":{"line":24,"column":33}},"loc":{"start":{"line":24,"column":43},"end":{"line":24,"column":59}},"line":24},"2":{"name":"(anonymous_2)","decl":{"start":{"line":25,"column":36},"end":{"line":25,"column":37}},"loc":{"start":{"line":25,"column":47},"end":{"line":25,"column":67}},"line":25},"3":{"name":"(anonymous_3)","decl":{"start":{"line":26,"column":33},"end":{"line":26,"column":34}},"loc":{"start":{"line":26,"column":44},"end":{"line":26,"column":61}},"line":26},"4":{"name":"(anonymous_4)","decl":{"start":{"line":38,"column":28},"end":{"line":38,"column":29}},"loc":{"start":{"line":38,"column":38},"end":{"line":41,"column":5}},"line":38},"5":{"name":"savePreferences","decl":{"start":{"line":43,"column":13},"end":{"line":43,"column":28}},"loc":{"start":{"line":43,"column":31},"end":{"line":46,"column":5}},"line":43},"6":{"name":"handleDarkModeChange","decl":{"start":{"line":48,"column":13},"end":{"line":48,"column":33}},"loc":{"start":{"line":48,"column":36},"end":{"line":50,"column":5}},"line":48},"7":{"name":"(anonymous_7)","decl":{"start":{"line":59,"column":81},"end":{"line":59,"column":82}},"loc":{"start":{"line":59,"column":87},"end":{"line":59,"column":101}},"line":59},"8":{"name":"(anonymous_8)","decl":{"start":{"line":102,"column":46},"end":{"line":102,"column":47}},"loc":{"start":{"line":102,"column":53},"end":{"line":105,"column":39}},"line":102},"9":{"name":"(anonymous_9)","decl":{"start":{"line":123,"column":46},"end":{"line":123,"column":47}},"loc":{"start":{"line":123,"column":53},"end":{"line":126,"column":39}},"line":123},"10":{"name":"(anonymous_10)","decl":{"start":{"line":146,"column":33},"end":{"line":146,"column":34}},"loc":{"start":{"line":146,"column":39},"end":{"line":146,"column":91}},"line":146}},"branchMap":{"0":{"loc":{"start":{"line":33,"column":18},"end":{"line":33,"column":37}},"type":"binary-expr","locations":[{"start":{"line":33,"column":18},"end":{"line":33,"column":31}},{"start":{"line":33,"column":35},"end":{"line":33,"column":37}}],"line":33},"1":{"loc":{"start":{"line":34,"column":19},"end":{"line":34,"column":39}},"type":"binary-expr","locations":[{"start":{"line":34,"column":19},"end":{"line":34,"column":33}},{"start":{"line":34,"column":37},"end":{"line":34,"column":39}}],"line":34},"2":{"loc":{"start":{"line":58,"column":13},"end":{"line":62,"column":13}},"type":"binary-expr","locations":[{"start":{"line":58,"column":13},"end":{"line":58,"column":20}},{"start":{"line":59,"column":16},"end":{"line":61,"column":24}}],"line":58}},"s":{"0":1,"1":1,"2":2,"3":2,"4":3,"5":2,"6":3,"7":2,"8":3,"9":2,"10":2,"11":2,"12":0,"13":0,"14":0,"15":0,"16":0,"17":2,"18":0,"19":0,"20":0,"21":0},"f":{"0":2,"1":3,"2":3,"3":3,"4":0,"5":0,"6":0,"7":0,"8":0,"9":0,"10":0},"b":{"0":[2,0],"1":[2,0],"2":[2,0]},"_coverageSchema":"1a1c01bbd47fc00a2c39e90264f33305004495a9","hash":"15f1b8fcf7f5b62b11d31f368ccdbf68629bd97e"}
,"C:\\Users\\M R Varun\\Desktop\\M R Varun\\viteapp_final\\src\\components\\TablePagination.jsx": {"path":"C:\\Users\\M R Varun\\Desktop\\M R Varun\\viteapp_final\\src\\components\\TablePagination.jsx","statementMap":{"0":{"start":{"line":9,"column":28},"end":{"line":9,"column":39}},"1":{"start":{"line":11,"column":23},"end":{"line":11,"column":60}},"2":{"start":{"line":15,"column":8},"end":{"line":17,"column":9}},"3":{"start":{"line":16,"column":12},"end":{"line":16,"column":19}},"4":{"start":{"line":19,"column":8},"end":{"line":19,"column":25}},"5":{"start":{"line":21,"column":8},"end":{"line":21,"column":30}},"6":{"start":{"line":25,"column":4},"end":{"line":56,"column":6}},"7":{"start":{"line":36,"column":54},"end":{"line":36,"column":72}},"8":{"start":{"line":48,"column":54},"end":{"line":48,"column":72}}},"fnMap":{"0":{"name":"TablePagination","decl":{"start":{"line":7,"column":9},"end":{"line":7,"column":24}},"loc":{"start":{"line":7,"column":65},"end":{"line":58,"column":1}},"line":7},"1":{"name":"goToPage","decl":{"start":{"line":13,"column":13},"end":{"line":13,"column":21}},"loc":{"start":{"line":13,"column":31},"end":{"line":23,"column":5}},"line":13},"2":{"name":"(anonymous_2)","decl":{"start":{"line":36,"column":48},"end":{"line":36,"column":49}},"loc":{"start":{"line":36,"column":54},"end":{"line":36,"column":72}},"line":36},"3":{"name":"(anonymous_3)","decl":{"start":{"line":48,"column":48},"end":{"line":48,"column":49}},"loc":{"start":{"line":48,"column":54},"end":{"line":48,"column":72}},"line":48}},"branchMap":{"0":{"loc":{"start":{"line":11,"column":23},"end":{"line":11,"column":60}},"type":"binary-expr","locations":[{"start":{"line":11,"column":23},"end":{"line":11,"column":55}},{"start":{"line":11,"column":59},"end":{"line":11,"column":60}}],"line":11},"1":{"loc":{"start":{"line":15,"column":8},"end":{"line":17,"column":9}},"type":"if","locations":[{"start":{"line":15,"column":8},"end":{"line":17,"column":9}},{"start":{},"end":{}}],"line":15},"2":{"loc":{"start":{"line":15,"column":12},"end":{"line":15,"column":47}},"type":"binary-expr","locations":[{"start":{"line":15,"column":12},"end":{"line":15,"column":23}},{"start":{"line":15,"column":27},"end":{"line":15,"column":47}}],"line":15}},"s":{"0":2,"1":2,"2":0,"3":0,"4":0,"5":0,"6":2,"7":0,"8":0},"f":{"0":2,"1":0,"2":0,"3":0},"b":{"0":[2,0],"1":[0,0],"2":[0,0]},"_coverageSchema":"1a1c01bbd47fc00a2c39e90264f33305004495a9","hash":"1b57efb60fa6609725dcb8bd737003eb7231ed0a"}
,"C:\\Users\\M R Varun\\Desktop\\M R Varun\\viteapp_final\\src\\components\\common\\DataTable.jsx": {"path":"C:\\Users\\M R Varun\\Desktop\\M R Varun\\viteapp_final\\src\\components\\common\\DataTable.jsx","statementMap":{"0":{"start":{"line":12,"column":2},"end":{"line":40,"column":4}},"1":{"start":{"line":19,"column":16},"end":{"line":21,"column":28}},"2":{"start":{"line":28,"column":14},"end":{"line":34,"column":25}},"3":{"start":{"line":30,"column":18},"end":{"line":32,"column":30}}},"fnMap":{"0":{"name":"DataTable","decl":{"start":{"line":11,"column":9},"end":{"line":11,"column":18}},"loc":{"start":{"line":11,"column":38},"end":{"line":41,"column":1}},"line":11},"1":{"name":"(anonymous_1)","decl":{"start":{"line":18,"column":27},"end":{"line":18,"column":28}},"loc":{"start":{"line":19,"column":16},"end":{"line":21,"column":28}},"line":19},"2":{"name":"(anonymous_2)","decl":{"start":{"line":27,"column":22},"end":{"line":27,"column":23}},"loc":{"start":{"line":28,"column":14},"end":{"line":34,"column":25}},"line":28},"3":{"name":"(anonymous_3)","decl":{"start":{"line":29,"column":29},"end":{"line":29,"column":30}},"loc":{"start":{"line":30,"column":18},"end":{"line":32,"column":30}},"line":30}},"branchMap":{"0":{"loc":{"start":{"line":31,"column":21},"end":{"line":31,"column":83}},"type":"cond-expr","locations":[{"start":{"line":31,"column":41},"end":{"line":31,"column":63}},{"start":{"line":31,"column":66},"end":{"line":31,"column":83}}],"line":31}},"s":{"0":3,"1":11,"2":5,"3":19},"f":{"0":3,"1":11,"2":5,"3":19},"b":{"0":[4,15]},"_coverageSchema":"1a1c01bbd47fc00a2c39e90264f33305004495a9","hash":"d98c18df6e05696e838e1154246214a0808a25b8"}
,"C:\\Users\\M R Varun\\Desktop\\M R Varun\\viteapp_final\\src\\hooks\\useAuth.js": {"path":"C:\\Users\\M R Varun\\Desktop\\M R Varun\\viteapp_final\\src\\hooks\\useAuth.js","statementMap":{"0":{"start":{"line":6,"column":21},"end":{"line":6,"column":34}},"1":{"start":{"line":8,"column":23},"end":{"line":8,"column":68}},"2":{"start":{"line":8,"column":46},"end":{"line":8,"column":67}},"3":{"start":{"line":9,"column":17},"end":{"line":9,"column":56}},"4":{"start":{"line":9,"column":40},"end":{"line":9,"column":55}},"5":{"start":{"line":12,"column":8},"end":{"line":12,"column":27}},"6":{"start":{"line":15,"column":4},"end":{"line":19,"column":6}}},"fnMap":{"0":{"name":"useAuth","decl":{"start":{"line":4,"column":9},"end":{"line":4,"column":16}},"loc":{"start":{"line":4,"column":19},"end":{"line":21,"column":1}},"line":4},"1":{"name":"(anonymous_1)","decl":{"start":{"line":8,"column":35},"end":{"line":8,"column":36}},"loc":{"start":{"line":8,"column":46},"end":{"line":8,"column":67}},"line":8},"2":{"name":"(anonymous_2)","decl":{"start":{"line":9,"column":29},"end":{"line":9,"column":30}},"loc":{"start":{"line":9,"column":40},"end":{"line":9,"column":55}},"line":9},"3":{"name":"handleLogout","decl":{"start":{"line":11,"column":13},"end":{"line":11,"column":25}},"loc":{"start":{"line":11,"column":28},"end":{"line":13,"column":5}},"line":11}},"branchMap":{},"s":{"0":0,"1":0,"2":0,"3":0,"4":0,"5":0,"6":0},"f":{"0":0,"1":0,"2":0,"3":0},"b":{},"_coverageSchema":"1a1c01bbd47fc00a2c39e90264f33305004495a9","hash":"346addfbc873642cc8092a109f790f51fc5972de"}
,"C:\\Users\\M R Varun\\Desktop\\M R Varun\\viteapp_final\\src\\hooks\\useNotification.js": {"path":"C:\\Users\\M R Varun\\Desktop\\M R Varun\\viteapp_final\\src\\hooks\\useNotification.js","statementMap":{"0":{"start":{"line":6,"column":21},"end":{"line":6,"column":34}},"1":{"start":{"line":8,"column":26},"end":{"line":8,"column":83}},"2":{"start":{"line":8,"column":49},"end":{"line":8,"column":82}},"3":{"start":{"line":10,"column":24},"end":{"line":10,"column":73}},"4":{"start":{"line":10,"column":55},"end":{"line":10,"column":65}},"5":{"start":{"line":13,"column":8},"end":{"line":13,"column":33}},"6":{"start":{"line":17,"column":8},"end":{"line":17,"column":32}},"7":{"start":{"line":20,"column":4},"end":{"line":25,"column":6}}},"fnMap":{"0":{"name":"useNotification","decl":{"start":{"line":4,"column":9},"end":{"line":4,"column":24}},"loc":{"start":{"line":4,"column":27},"end":{"line":27,"column":1}},"line":4},"1":{"name":"(anonymous_1)","decl":{"start":{"line":8,"column":38},"end":{"line":8,"column":39}},"loc":{"start":{"line":8,"column":49},"end":{"line":8,"column":82}},"line":8},"2":{"name":"(anonymous_2)","decl":{"start":{"line":10,"column":45},"end":{"line":10,"column":46}},"loc":{"start":{"line":10,"column":55},"end":{"line":10,"column":65}},"line":10},"3":{"name":"readNotification","decl":{"start":{"line":12,"column":13},"end":{"line":12,"column":29}},"loc":{"start":{"line":12,"column":34},"end":{"line":14,"column":5}},"line":12},"4":{"name":"readAll","decl":{"start":{"line":16,"column":13},"end":{"line":16,"column":20}},"loc":{"start":{"line":16,"column":23},"end":{"line":18,"column":5}},"line":16}},"branchMap":{},"s":{"0":0,"1":0,"2":0,"3":0,"4":0,"5":0,"6":0,"7":0},"f":{"0":0,"1":0,"2":0,"3":0,"4":0},"b":{},"_coverageSchema":"1a1c01bbd47fc00a2c39e90264f33305004495a9","hash":"cdb69124b8a7e3f208b15b806b2f52380e9a75ea"}
,"C:\\Users\\M R Varun\\Desktop\\M R Varun\\viteapp_final\\src\\hooks\\useTheme.js": {"path":"C:\\Users\\M R Varun\\Desktop\\M R Varun\\viteapp_final\\src\\hooks\\useTheme.js","statementMap":{"0":{"start":{"line":6,"column":21},"end":{"line":6,"column":34}},"1":{"start":{"line":8,"column":21},"end":{"line":8,"column":62}},"2":{"start":{"line":8,"column":44},"end":{"line":8,"column":61}},"3":{"start":{"line":11,"column":8},"end":{"line":11,"column":32}},"4":{"start":{"line":14,"column":4},"end":{"line":17,"column":6}}},"fnMap":{"0":{"name":"useTheme","decl":{"start":{"line":4,"column":9},"end":{"line":4,"column":17}},"loc":{"start":{"line":4,"column":20},"end":{"line":19,"column":1}},"line":4},"1":{"name":"(anonymous_1)","decl":{"start":{"line":8,"column":33},"end":{"line":8,"column":34}},"loc":{"start":{"line":8,"column":44},"end":{"line":8,"column":61}},"line":8},"2":{"name":"switchTheme","decl":{"start":{"line":10,"column":13},"end":{"line":10,"column":24}},"loc":{"start":{"line":10,"column":27},"end":{"line":12,"column":5}},"line":10}},"branchMap":{},"s":{"0":0,"1":0,"2":0,"3":0,"4":0},"f":{"0":0,"1":0,"2":0},"b":{},"_coverageSchema":"1a1c01bbd47fc00a2c39e90264f33305004495a9","hash":"aa9dec5c4c4fb60ea128cf2c87fce0fe3a8f3ecd"}
,"C:\\Users\\M R Varun\\Desktop\\M R Varun\\viteapp_final\\src\\layouts\\Footer.jsx": {"path":"C:\\Users\\M R Varun\\Desktop\\M R Varun\\viteapp_final\\src\\layouts\\Footer.jsx","statementMap":{"0":{"start":{"line":3,"column":4},"end":{"line":23,"column":6}}},"fnMap":{"0":{"name":"Footer","decl":{"start":{"line":1,"column":9},"end":{"line":1,"column":15}},"loc":{"start":{"line":1,"column":18},"end":{"line":25,"column":1}},"line":1}},"branchMap":{},"s":{"0":0},"f":{"0":0},"b":{},"_coverageSchema":"1a1c01bbd47fc00a2c39e90264f33305004495a9","hash":"200edb6d98c3bd6d66dcf3cd8b2cec1a11573c32"}
,"C:\\Users\\M R Varun\\Desktop\\M R Varun\\viteapp_final\\src\\layouts\\Header.jsx": {"path":"C:\\Users\\M R Varun\\Desktop\\M R Varun\\viteapp_final\\src\\layouts\\Header.jsx","statementMap":{"0":{"start":{"line":8,"column":4},"end":{"line":38,"column":6}}},"fnMap":{"0":{"name":"Header","decl":{"start":{"line":6,"column":9},"end":{"line":6,"column":15}},"loc":{"start":{"line":6,"column":18},"end":{"line":40,"column":1}},"line":6}},"branchMap":{},"s":{"0":0},"f":{"0":0},"b":{},"_coverageSchema":"1a1c01bbd47fc00a2c39e90264f33305004495a9","hash":"cb02c2f8e3d1307fac558da594cf68014cd8886a"}
,"C:\\Users\\M R Varun\\Desktop\\M R Varun\\viteapp_final\\src\\layouts\\MainLayout.jsx": {"path":"C:\\Users\\M R Varun\\Desktop\\M R Varun\\viteapp_final\\src\\layouts\\MainLayout.jsx","statementMap":{"0":{"start":{"line":8,"column":4},"end":{"line":31,"column":6}}},"fnMap":{"0":{"name":"MainLayout","decl":{"start":{"line":6,"column":9},"end":{"line":6,"column":19}},"loc":{"start":{"line":6,"column":22},"end":{"line":33,"column":1}},"line":6}},"branchMap":{},"s":{"0":0},"f":{"0":0},"b":{},"_coverageSchema":"1a1c01bbd47fc00a2c39e90264f33305004495a9","hash":"bd06a63f067d1c5fd4f0c902108c6e4bb0a3e40b"}
,"C:\\Users\\M R Varun\\Desktop\\M R Varun\\viteapp_final\\src\\layouts\\Sidebar.jsx": {"path":"C:\\Users\\M R Varun\\Desktop\\M R Varun\\viteapp_final\\src\\layouts\\Sidebar.jsx","statementMap":{"0":{"start":{"line":10,"column":4},"end":{"line":212,"column":6}}},"fnMap":{"0":{"name":"Sidebar","decl":{"start":{"line":8,"column":9},"end":{"line":8,"column":16}},"loc":{"start":{"line":8,"column":19},"end":{"line":214,"column":1}},"line":8}},"branchMap":{},"s":{"0":0},"f":{"0":0},"b":{},"_coverageSchema":"1a1c01bbd47fc00a2c39e90264f33305004495a9","hash":"36a1cd7dbafd45fba398a5ad915488e80bf06120"}
,"C:\\Users\\M R Varun\\Desktop\\M R Varun\\viteapp_final\\src\\pages\\Audit.jsx": {"path":"C:\\Users\\M R Varun\\Desktop\\M R Varun\\viteapp_final\\src\\pages\\Audit.jsx","statementMap":{"0":{"start":{"line":14,"column":30},"end":{"line":14,"column":42}},"1":{"start":{"line":15,"column":32},"end":{"line":15,"column":44}},"2":{"start":{"line":16,"column":34},"end":{"line":16,"column":48}},"3":{"start":{"line":19,"column":8},"end":{"line":26,"column":9}},"4":{"start":{"line":20,"column":25},"end":{"line":20,"column":42}},"5":{"start":{"line":21,"column":12},"end":{"line":21,"column":28}},"6":{"start":{"line":23,"column":12},"end":{"line":23,"column":50}},"7":{"start":{"line":25,"column":12},"end":{"line":25,"column":30}},"8":{"start":{"line":29,"column":4},"end":{"line":31,"column":11}},"9":{"start":{"line":30,"column":8},"end":{"line":30,"column":21}},"10":{"start":{"line":33,"column":4},"end":{"line":39,"column":5}},"11":{"start":{"line":34,"column":8},"end":{"line":38,"column":10}},"12":{"start":{"line":41,"column":4},"end":{"line":47,"column":5}},"13":{"start":{"line":42,"column":8},"end":{"line":46,"column":10}},"14":{"start":{"line":49,"column":4},"end":{"line":77,"column":6}},"15":{"start":{"line":66,"column":28},"end":{"line":71,"column":39}}},"fnMap":{"0":{"name":"Audit","decl":{"start":{"line":13,"column":9},"end":{"line":13,"column":14}},"loc":{"start":{"line":13,"column":17},"end":{"line":78,"column":1}},"line":13},"1":{"name":"loadAudits","decl":{"start":{"line":18,"column":19},"end":{"line":18,"column":29}},"loc":{"start":{"line":18,"column":32},"end":{"line":27,"column":5}},"line":18},"2":{"name":"(anonymous_2)","decl":{"start":{"line":29,"column":14},"end":{"line":29,"column":15}},"loc":{"start":{"line":29,"column":20},"end":{"line":31,"column":5}},"line":29},"3":{"name":"(anonymous_3)","decl":{"start":{"line":65,"column":36},"end":{"line":65,"column":37}},"loc":{"start":{"line":66,"column":28},"end":{"line":71,"column":39}},"line":66}},"branchMap":{"0":{"loc":{"start":{"line":33,"column":4},"end":{"line":39,"column":5}},"type":"if","locations":[{"start":{"line":33,"column":4},"end":{"line":39,"column":5}},{"start":{},"end":{}}],"line":33},"1":{"loc":{"start":{"line":41,"column":4},"end":{"line":47,"column":5}},"type":"if","locations":[{"start":{"line":41,"column":4},"end":{"line":47,"column":5}},{"start":{},"end":{}}],"line":41}},"s":{"0":2,"1":2,"2":2,"3":1,"4":1,"5":1,"6":0,"7":1,"8":2,"9":1,"10":2,"11":1,"12":1,"13":0,"14":1,"15":1},"f":{"0":2,"1":1,"2":1,"3":1},"b":{"0":[1,1],"1":[0,1]},"_coverageSchema":"1a1c01bbd47fc00a2c39e90264f33305004495a9","hash":"4640a7ce4df70ab995255b67130b794d24607d76"}
,"C:\\Users\\M R Varun\\Desktop\\M R Varun\\viteapp_final\\src\\pages\\Compliance.jsx": {"path":"C:\\Users\\M R Varun\\Desktop\\M R Varun\\viteapp_final\\src\\pages\\Compliance.jsx","statementMap":{"0":{"start":{"line":15,"column":19},"end":{"line":103,"column":2}},"1":{"start":{"line":16,"column":30},"end":{"line":16,"column":42}},"2":{"start":{"line":17,"column":32},"end":{"line":17,"column":44}},"3":{"start":{"line":18,"column":34},"end":{"line":18,"column":48}},"4":{"start":{"line":21,"column":8},"end":{"line":28,"column":9}},"5":{"start":{"line":22,"column":25},"end":{"line":22,"column":52}},"6":{"start":{"line":23,"column":12},"end":{"line":23,"column":28}},"7":{"start":{"line":25,"column":12},"end":{"line":25,"column":57}},"8":{"start":{"line":27,"column":12},"end":{"line":27,"column":30}},"9":{"start":{"line":31,"column":4},"end":{"line":33,"column":11}},"10":{"start":{"line":32,"column":8},"end":{"line":32,"column":21}},"11":{"start":{"line":35,"column":30},"end":{"line":44,"column":16}},"12":{"start":{"line":36,"column":24},"end":{"line":36,"column":90}},"13":{"start":{"line":37,"column":8},"end":{"line":42,"column":11}},"14":{"start":{"line":38,"column":12},"end":{"line":38,"column":66}},"15":{"start":{"line":38,"column":47},"end":{"line":38,"column":66}},"16":{"start":{"line":39,"column":12},"end":{"line":39,"column":58}},"17":{"start":{"line":39,"column":43},"end":{"line":39,"column":58}},"18":{"start":{"line":40,"column":12},"end":{"line":40,"column":56}},"19":{"start":{"line":40,"column":41},"end":{"line":40,"column":56}},"20":{"start":{"line":41,"column":12},"end":{"line":41,"column":60}},"21":{"start":{"line":41,"column":43},"end":{"line":41,"column":60}},"22":{"start":{"line":43,"column":8},"end":{"line":43,"column":23}},"23":{"start":{"line":46,"column":4},"end":{"line":46,"column":35}},"24":{"start":{"line":46,"column":17},"end":{"line":46,"column":35}},"25":{"start":{"line":47,"column":4},"end":{"line":47,"column":53}},"26":{"start":{"line":47,"column":15},"end":{"line":47,"column":53}},"27":{"start":{"line":49,"column":4},"end":{"line":102,"column":6}},"28":{"start":{"line":91,"column":28},"end":{"line":96,"column":39}}},"fnMap":{"0":{"name":"Compliance","decl":{"start":{"line":15,"column":39},"end":{"line":15,"column":49}},"loc":{"start":{"line":15,"column":52},"end":{"line":103,"column":1}},"line":15},"1":{"name":"loadIssues","decl":{"start":{"line":20,"column":19},"end":{"line":20,"column":29}},"loc":{"start":{"line":20,"column":32},"end":{"line":29,"column":5}},"line":20},"2":{"name":"(anonymous_2)","decl":{"start":{"line":31,"column":14},"end":{"line":31,"column":15}},"loc":{"start":{"line":31,"column":20},"end":{"line":33,"column":5}},"line":31},"3":{"name":"(anonymous_3)","decl":{"start":{"line":35,"column":38},"end":{"line":35,"column":39}},"loc":{"start":{"line":35,"column":44},"end":{"line":44,"column":5}},"line":35},"4":{"name":"(anonymous_4)","decl":{"start":{"line":37,"column":23},"end":{"line":37,"column":24}},"loc":{"start":{"line":37,"column":32},"end":{"line":42,"column":9}},"line":37},"5":{"name":"(anonymous_5)","decl":{"start":{"line":90,"column":36},"end":{"line":90,"column":37}},"loc":{"start":{"line":91,"column":28},"end":{"line":96,"column":39}},"line":91}},"branchMap":{"0":{"loc":{"start":{"line":38,"column":12},"end":{"line":38,"column":66}},"type":"if","locations":[{"start":{"line":38,"column":12},"end":{"line":38,"column":66}},{"start":{},"end":{}}],"line":38},"1":{"loc":{"start":{"line":39,"column":12},"end":{"line":39,"column":58}},"type":"if","locations":[{"start":{"line":39,"column":12},"end":{"line":39,"column":58}},{"start":{},"end":{}}],"line":39},"2":{"loc":{"start":{"line":40,"column":12},"end":{"line":40,"column":56}},"type":"if","locations":[{"start":{"line":40,"column":12},"end":{"line":40,"column":56}},{"start":{},"end":{}}],"line":40},"3":{"loc":{"start":{"line":41,"column":12},"end":{"line":41,"column":60}},"type":"if","locations":[{"start":{"line":41,"column":12},"end":{"line":41,"column":60}},{"start":{},"end":{}}],"line":41},"4":{"loc":{"start":{"line":46,"column":4},"end":{"line":46,"column":35}},"type":"if","locations":[{"start":{"line":46,"column":4},"end":{"line":46,"column":35}},{"start":{},"end":{}}],"line":46},"5":{"loc":{"start":{"line":47,"column":4},"end":{"line":47,"column":53}},"type":"if","locations":[{"start":{"line":47,"column":4},"end":{"line":47,"column":53}},{"start":{},"end":{}}],"line":47}},"s":{"0":1,"1":2,"2":2,"3":2,"4":1,"5":1,"6":1,"7":0,"8":1,"9":2,"10":1,"11":2,"12":2,"13":2,"14":1,"15":1,"16":1,"17":0,"18":1,"19":1,"20":1,"21":0,"22":2,"23":2,"24":1,"25":1,"26":0,"27":1,"28":1},"f":{"0":2,"1":1,"2":1,"3":2,"4":1,"5":1},"b":{"0":[1,0],"1":[0,1],"2":[1,0],"3":[0,1],"4":[1,1],"5":[0,1]},"_coverageSchema":"1a1c01bbd47fc00a2c39e90264f33305004495a9","hash":"05a2ee782d74f7612f501b8884f3f265312d6b33"}
,"C:\\Users\\M R Varun\\Desktop\\M R Varun\\viteapp_final\\src\\pages\\Login.jsx": {"path":"C:\\Users\\M R Varun\\Desktop\\M R Varun\\viteapp_final\\src\\pages\\Login.jsx","statementMap":{"0":{"start":{"line":13,"column":21},"end":{"line":13,"column":34}},"1":{"start":{"line":14,"column":21},"end":{"line":14,"column":34}},"2":{"start":{"line":15,"column":22},"end":{"line":15,"column":62}},"3":{"start":{"line":15,"column":45},"end":{"line":15,"column":61}},"4":{"start":{"line":16,"column":34},"end":{"line":16,"column":48}},"5":{"start":{"line":23,"column":8},"end":{"line":25,"column":6}},"6":{"start":{"line":27,"column":23},"end":{"line":30,"column":5}},"7":{"start":{"line":28,"column":8},"end":{"line":28,"column":29}},"8":{"start":{"line":29,"column":8},"end":{"line":29,"column":16}},"9":{"start":{"line":33,"column":8},"end":{"line":45,"column":9}},"10":{"start":{"line":34,"column":27},"end":{"line":34,"column":101}},"11":{"start":{"line":35,"column":12},"end":{"line":39,"column":13}},"12":{"start":{"line":36,"column":16},"end":{"line":36,"column":39}},"13":{"start":{"line":37,"column":19},"end":{"line":39,"column":13}},"14":{"start":{"line":38,"column":16},"end":{"line":38,"column":34}},"15":{"start":{"line":41,"column":27},"end":{"line":41,"column":60}},"16":{"start":{"line":42,"column":12},"end":{"line":44,"column":13}},"17":{"start":{"line":43,"column":16},"end":{"line":43,"column":39}},"18":{"start":{"line":48,"column":4},"end":{"line":139,"column":6}}},"fnMap":{"0":{"name":"Login","decl":{"start":{"line":12,"column":9},"end":{"line":12,"column":14}},"loc":{"start":{"line":12,"column":17},"end":{"line":140,"column":1}},"line":12},"1":{"name":"(anonymous_1)","decl":{"start":{"line":15,"column":34},"end":{"line":15,"column":35}},"loc":{"start":{"line":15,"column":45},"end":{"line":15,"column":61}},"line":15},"2":{"name":"(anonymous_2)","decl":{"start":{"line":27,"column":23},"end":{"line":27,"column":24}},"loc":{"start":{"line":27,"column":29},"end":{"line":30,"column":5}},"line":27},"3":{"name":"onSubmit","decl":{"start":{"line":32,"column":19},"end":{"line":32,"column":27}},"loc":{"start":{"line":32,"column":34},"end":{"line":46,"column":5}},"line":32}},"branchMap":{"0":{"loc":{"start":{"line":24,"column":30},"end":{"line":24,"column":66}},"type":"cond-expr","locations":[{"start":{"line":24,"column":40},"end":{"line":24,"column":51}},{"start":{"line":24,"column":54},"end":{"line":24,"column":66}}],"line":24},"1":{"loc":{"start":{"line":33,"column":8},"end":{"line":45,"column":9}},"type":"if","locations":[{"start":{"line":33,"column":8},"end":{"line":45,"column":9}},{"start":{"line":40,"column":15},"end":{"line":45,"column":9}}],"line":33},"2":{"loc":{"start":{"line":35,"column":12},"end":{"line":39,"column":13}},"type":"if","locations":[{"start":{"line":35,"column":12},"end":{"line":39,"column":13}},{"start":{"line":37,"column":19},"end":{"line":39,"column":13}}],"line":35},"3":{"loc":{"start":{"line":37,"column":19},"end":{"line":39,"column":13}},"type":"if","locations":[{"start":{"line":37,"column":19},"end":{"line":39,"column":13}},{"start":{},"end":{}}],"line":37},"4":{"loc":{"start":{"line":37,"column":23},"end":{"line":37,"column":123}},"type":"binary-expr","locations":[{"start":{"line":37,"column":23},"end":{"line":37,"column":37}},{"start":{"line":37,"column":41},"end":{"line":37,"column":75}},{"start":{"line":37,"column":79},"end":{"line":37,"column":123}}],"line":37},"5":{"loc":{"start":{"line":42,"column":12},"end":{"line":44,"column":13}},"type":"if","locations":[{"start":{"line":42,"column":12},"end":{"line":44,"column":13}},{"start":{},"end":{}}],"line":42},"6":{"loc":{"start":{"line":52,"column":17},"end":{"line":52,"column":94}},"type":"cond-expr","locations":[{"start":{"line":52,"column":27},"end":{"line":52,"column":69}},{"start":{"line":52,"column":72},"end":{"line":52,"column":94}}],"line":52},"7":{"loc":{"start":{"line":55,"column":13},"end":{"line":67,"column":13}},"type":"binary-expr","locations":[{"start":{"line":55,"column":13},"end":{"line":55,"column":21}},{"start":{"line":56,"column":16},"end":{"line":66,"column":19}}],"line":55},"8":{"loc":{"start":{"line":63,"column":21},"end":{"line":65,"column":21}},"type":"binary-expr","locations":[{"start":{"line":63,"column":21},"end":{"line":63,"column":32}},{"start":{"line":64,"column":24},"end":{"line":64,"column":70}}],"line":63},"9":{"loc":{"start":{"line":75,"column":13},"end":{"line":77,"column":13}},"type":"binary-expr","locations":[{"start":{"line":75,"column":13},"end":{"line":75,"column":25}},{"start":{"line":76,"column":16},"end":{"line":76,"column":63}}],"line":75},"10":{"loc":{"start":{"line":85,"column":13},"end":{"line":87,"column":13}},"type":"binary-expr","locations":[{"start":{"line":85,"column":13},"end":{"line":85,"column":28}},{"start":{"line":86,"column":16},"end":{"line":86,"column":66}}],"line":85},"11":{"loc":{"start":{"line":89,"column":13},"end":{"line":102,"column":13}},"type":"binary-expr","locations":[{"start":{"line":89,"column":13},"end":{"line":89,"column":21}},{"start":{"line":90,"column":16},"end":{"line":101,"column":19}}],"line":89},"12":{"loc":{"start":{"line":98,"column":21},"end":{"line":100,"column":21}},"type":"binary-expr","locations":[{"start":{"line":98,"column":21},"end":{"line":98,"column":32}},{"start":{"line":99,"column":24},"end":{"line":99,"column":70}}],"line":98},"13":{"loc":{"start":{"line":104,"column":13},"end":{"line":106,"column":13}},"type":"binary-expr","locations":[{"start":{"line":104,"column":13},"end":{"line":104,"column":22}},{"start":{"line":105,"column":16},"end":{"line":105,"column":52}}],"line":104},"14":{"loc":{"start":{"line":109,"column":17},"end":{"line":109,"column":46}},"type":"cond-expr","locations":[{"start":{"line":109,"column":27},"end":{"line":109,"column":34}},{"start":{"line":109,"column":37},"end":{"line":109,"column":46}}],"line":109},"15":{"loc":{"start":{"line":113,"column":17},"end":{"line":136,"column":17}},"type":"cond-expr","locations":[{"start":{"line":114,"column":20},"end":{"line":125,"column":23}},{"start":{"line":127,"column":20},"end":{"line":135,"column":24}}],"line":113}},"s":{"0":2,"1":2,"2":2,"3":3,"4":2,"5":2,"6":2,"7":0,"8":0,"9":0,"10":0,"11":0,"12":0,"13":0,"14":0,"15":0,"16":0,"17":0,"18":2},"f":{"0":2,"1":3,"2":0,"3":0},"b":{"0":[2,0],"1":[0,0],"2":[0,0],"3":[0,0],"4":[0,0,0],"5":[0,0],"6":[2,0],"7":[2,0],"8":[0,0],"9":[2,0],"10":[2,0],"11":[2,0],"12":[0,0],"13":[2,0],"14":[2,0],"15":[2,0]},"_coverageSchema":"1a1c01bbd47fc00a2c39e90264f33305004495a9","hash":"e141f78be26b678eb187eaae5cb6d6969417b388"}
,"C:\\Users\\M R Varun\\Desktop\\M R Varun\\viteapp_final\\src\\pages\\Procurement.jsx": {"path":"C:\\Users\\M R Varun\\Desktop\\M R Varun\\viteapp_final\\src\\pages\\Procurement.jsx","statementMap":{"0":{"start":{"line":17,"column":40},"end":{"line":17,"column":52}},"1":{"start":{"line":18,"column":26},"end":{"line":18,"column":38}},"2":{"start":{"line":19,"column":26},"end":{"line":19,"column":38}},"3":{"start":{"line":21,"column":30},"end":{"line":21,"column":42}},"4":{"start":{"line":22,"column":36},"end":{"line":22,"column":48}},"5":{"start":{"line":23,"column":34},"end":{"line":23,"column":48}},"6":{"start":{"line":24,"column":28},"end":{"line":24,"column":39}},"7":{"start":{"line":25,"column":32},"end":{"line":25,"column":44}},"8":{"start":{"line":27,"column":29},"end":{"line":33,"column":26}},"9":{"start":{"line":28,"column":8},"end":{"line":32,"column":10}},"10":{"start":{"line":29,"column":12},"end":{"line":31,"column":67}},"11":{"start":{"line":35,"column":21},"end":{"line":35,"column":60}},"12":{"start":{"line":37,"column":31},"end":{"line":40,"column":10}},"13":{"start":{"line":38,"column":8},"end":{"line":38,"column":25}},"14":{"start":{"line":39,"column":8},"end":{"line":39,"column":19}},"15":{"start":{"line":43,"column":8},"end":{"line":50,"column":9}},"16":{"start":{"line":44,"column":25},"end":{"line":44,"column":55}},"17":{"start":{"line":45,"column":12},"end":{"line":45,"column":30}},"18":{"start":{"line":47,"column":12},"end":{"line":47,"column":60}},"19":{"start":{"line":49,"column":12},"end":{"line":49,"column":30}},"20":{"start":{"line":53,"column":4},"end":{"line":55,"column":11}},"21":{"start":{"line":54,"column":8},"end":{"line":54,"column":23}},"22":{"start":{"line":58,"column":23},"end":{"line":64,"column":9}},"23":{"start":{"line":65,"column":8},"end":{"line":65,"column":43}},"24":{"start":{"line":66,"column":8},"end":{"line":66,"column":26}},"25":{"start":{"line":67,"column":8},"end":{"line":67,"column":19}},"26":{"start":{"line":68,"column":8},"end":{"line":68,"column":19}},"27":{"start":{"line":71,"column":20},"end":{"line":81,"column":5}},"28":{"start":{"line":79,"column":33},"end":{"line":79,"column":80}},"29":{"start":{"line":83,"column":4},"end":{"line":89,"column":5}},"30":{"start":{"line":84,"column":8},"end":{"line":88,"column":10}},"31":{"start":{"line":91,"column":4},"end":{"line":97,"column":5}},"32":{"start":{"line":92,"column":8},"end":{"line":96,"column":10}},"33":{"start":{"line":99,"column":4},"end":{"line":136,"column":6}},"34":{"start":{"line":104,"column":109},"end":{"line":104,"column":138}},"35":{"start":{"line":105,"column":99},"end":{"line":105,"column":121}},"36":{"start":{"line":106,"column":99},"end":{"line":106,"column":121}},"37":{"start":{"line":120,"column":37},"end":{"line":120,"column":71}},"38":{"start":{"line":123,"column":58},"end":{"line":123,"column":83}}},"fnMap":{"0":{"name":"Procurement","decl":{"start":{"line":16,"column":9},"end":{"line":16,"column":20}},"loc":{"start":{"line":16,"column":23},"end":{"line":137,"column":1}},"line":16},"1":{"name":"(anonymous_1)","decl":{"start":{"line":27,"column":37},"end":{"line":27,"column":38}},"loc":{"start":{"line":27,"column":43},"end":{"line":33,"column":5}},"line":27},"2":{"name":"(anonymous_2)","decl":{"start":{"line":28,"column":31},"end":{"line":28,"column":32}},"loc":{"start":{"line":29,"column":12},"end":{"line":31,"column":67}},"line":29},"3":{"name":"(anonymous_3)","decl":{"start":{"line":37,"column":43},"end":{"line":37,"column":44}},"loc":{"start":{"line":37,"column":54},"end":{"line":40,"column":5}},"line":37},"4":{"name":"loadRequests","decl":{"start":{"line":42,"column":19},"end":{"line":42,"column":31}},"loc":{"start":{"line":42,"column":34},"end":{"line":51,"column":5}},"line":42},"5":{"name":"(anonymous_5)","decl":{"start":{"line":53,"column":14},"end":{"line":53,"column":15}},"loc":{"start":{"line":53,"column":20},"end":{"line":55,"column":5}},"line":53},"6":{"name":"handleSubmit","decl":{"start":{"line":57,"column":13},"end":{"line":57,"column":25}},"loc":{"start":{"line":57,"column":28},"end":{"line":69,"column":5}},"line":57},"7":{"name":"(anonymous_7)","decl":{"start":{"line":79,"column":24},"end":{"line":79,"column":25}},"loc":{"start":{"line":79,"column":33},"end":{"line":79,"column":80}},"line":79},"8":{"name":"(anonymous_8)","decl":{"start":{"line":104,"column":102},"end":{"line":104,"column":103}},"loc":{"start":{"line":104,"column":109},"end":{"line":104,"column":138}},"line":104},"9":{"name":"(anonymous_9)","decl":{"start":{"line":105,"column":92},"end":{"line":105,"column":93}},"loc":{"start":{"line":105,"column":99},"end":{"line":105,"column":121}},"line":105},"10":{"name":"(anonymous_10)","decl":{"start":{"line":106,"column":92},"end":{"line":106,"column":93}},"loc":{"start":{"line":106,"column":99},"end":{"line":106,"column":121}},"line":106},"11":{"name":"(anonymous_11)","decl":{"start":{"line":120,"column":30},"end":{"line":120,"column":31}},"loc":{"start":{"line":120,"column":37},"end":{"line":120,"column":71}},"line":120},"12":{"name":"(anonymous_12)","decl":{"start":{"line":123,"column":52},"end":{"line":123,"column":53}},"loc":{"start":{"line":123,"column":58},"end":{"line":123,"column":83}},"line":123}},"branchMap":{"0":{"loc":{"start":{"line":29,"column":12},"end":{"line":31,"column":67}},"type":"binary-expr","locations":[{"start":{"line":29,"column":12},"end":{"line":29,"column":71}},{"start":{"line":30,"column":12},"end":{"line":30,"column":69}},{"start":{"line":31,"column":12},"end":{"line":31,"column":67}}],"line":29},"1":{"loc":{"start":{"line":83,"column":4},"end":{"line":89,"column":5}},"type":"if","locations":[{"start":{"line":83,"column":4},"end":{"line":89,"column":5}},{"start":{},"end":{}}],"line":83},"2":{"loc":{"start":{"line":91,"column":4},"end":{"line":97,"column":5}},"type":"if","locations":[{"start":{"line":91,"column":4},"end":{"line":97,"column":5}},{"start":{},"end":{}}],"line":91}},"s":{"0":2,"1":2,"2":2,"3":2,"4":2,"5":2,"6":2,"7":2,"8":2,"9":2,"10":1,"11":2,"12":2,"13":0,"14":0,"15":1,"16":1,"17":1,"18":0,"19":1,"20":2,"21":1,"22":0,"23":0,"24":0,"25":0,"26":0,"27":2,"28":1,"29":2,"30":1,"31":1,"32":0,"33":1,"34":0,"35":0,"36":0,"37":0,"38":0},"f":{"0":2,"1":2,"2":1,"3":0,"4":1,"5":1,"6":0,"7":1,"8":0,"9":0,"10":0,"11":0,"12":0},"b":{"0":[1,0,0],"1":[1,1],"2":[0,1]},"_coverageSchema":"1a1c01bbd47fc00a2c39e90264f33305004495a9","hash":"0a72326b8eb6abf5eaa09b4e3e884875187cbed3"}
,"C:\\Users\\M R Varun\\Desktop\\M R Varun\\viteapp_final\\src\\pages\\Reports.jsx": {"path":"C:\\Users\\M R Varun\\Desktop\\M R Varun\\viteapp_final\\src\\pages\\Reports.jsx","statementMap":{"0":{"start":{"line":10,"column":16},"end":{"line":83,"column":2}},"1":{"start":{"line":11,"column":34},"end":{"line":11,"column":46}},"2":{"start":{"line":12,"column":34},"end":{"line":12,"column":48}},"3":{"start":{"line":13,"column":30},"end":{"line":13,"column":42}},"4":{"start":{"line":14,"column":32},"end":{"line":14,"column":44}},"5":{"start":{"line":16,"column":28},"end":{"line":21,"column":25}},"6":{"start":{"line":17,"column":8},"end":{"line":20,"column":10}},"7":{"start":{"line":18,"column":12},"end":{"line":19,"column":70}},"8":{"start":{"line":23,"column":31},"end":{"line":25,"column":10}},"9":{"start":{"line":24,"column":8},"end":{"line":24,"column":25}},"10":{"start":{"line":28,"column":8},"end":{"line":35,"column":9}},"11":{"start":{"line":29,"column":25},"end":{"line":29,"column":43}},"12":{"start":{"line":30,"column":12},"end":{"line":30,"column":29}},"13":{"start":{"line":32,"column":12},"end":{"line":32,"column":47}},"14":{"start":{"line":34,"column":12},"end":{"line":34,"column":30}},"15":{"start":{"line":38,"column":4},"end":{"line":40,"column":11}},"16":{"start":{"line":39,"column":8},"end":{"line":39,"column":22}},"17":{"start":{"line":42,"column":20},"end":{"line":45,"column":10}},"18":{"start":{"line":42,"column":34},"end":{"line":45,"column":5}},"19":{"start":{"line":47,"column":28},"end":{"line":49,"column":10}},"20":{"start":{"line":48,"column":8},"end":{"line":48,"column":45}},"21":{"start":{"line":51,"column":30},"end":{"line":53,"column":10}},"22":{"start":{"line":52,"column":8},"end":{"line":52,"column":47}},"23":{"start":{"line":55,"column":4},"end":{"line":55,"column":35}},"24":{"start":{"line":55,"column":17},"end":{"line":55,"column":35}},"25":{"start":{"line":56,"column":4},"end":{"line":56,"column":53}},"26":{"start":{"line":56,"column":15},"end":{"line":56,"column":53}},"27":{"start":{"line":58,"column":4},"end":{"line":82,"column":6}},"28":{"start":{"line":69,"column":37},"end":{"line":69,"column":71}}},"fnMap":{"0":{"name":"Reports","decl":{"start":{"line":10,"column":36},"end":{"line":10,"column":43}},"loc":{"start":{"line":10,"column":46},"end":{"line":83,"column":1}},"line":10},"1":{"name":"(anonymous_1)","decl":{"start":{"line":16,"column":36},"end":{"line":16,"column":37}},"loc":{"start":{"line":16,"column":42},"end":{"line":21,"column":5}},"line":16},"2":{"name":"(anonymous_2)","decl":{"start":{"line":17,"column":30},"end":{"line":17,"column":31}},"loc":{"start":{"line":18,"column":12},"end":{"line":19,"column":70}},"line":18},"3":{"name":"(anonymous_3)","decl":{"start":{"line":23,"column":43},"end":{"line":23,"column":44}},"loc":{"start":{"line":23,"column":54},"end":{"line":25,"column":5}},"line":23},"4":{"name":"loadReports","decl":{"start":{"line":27,"column":19},"end":{"line":27,"column":30}},"loc":{"start":{"line":27,"column":33},"end":{"line":36,"column":5}},"line":27},"5":{"name":"(anonymous_5)","decl":{"start":{"line":38,"column":14},"end":{"line":38,"column":15}},"loc":{"start":{"line":38,"column":20},"end":{"line":40,"column":5}},"line":38},"6":{"name":"(anonymous_6)","decl":{"start":{"line":42,"column":28},"end":{"line":42,"column":29}},"loc":{"start":{"line":42,"column":34},"end":{"line":45,"column":5}},"line":42},"7":{"name":"(anonymous_7)","decl":{"start":{"line":47,"column":40},"end":{"line":47,"column":41}},"loc":{"start":{"line":47,"column":46},"end":{"line":49,"column":5}},"line":47},"8":{"name":"(anonymous_8)","decl":{"start":{"line":51,"column":42},"end":{"line":51,"column":43}},"loc":{"start":{"line":51,"column":48},"end":{"line":53,"column":5}},"line":51},"9":{"name":"(anonymous_9)","decl":{"start":{"line":69,"column":30},"end":{"line":69,"column":31}},"loc":{"start":{"line":69,"column":37},"end":{"line":69,"column":71}},"line":69}},"branchMap":{"0":{"loc":{"start":{"line":18,"column":12},"end":{"line":19,"column":70}},"type":"binary-expr","locations":[{"start":{"line":18,"column":12},"end":{"line":18,"column":69}},{"start":{"line":19,"column":12},"end":{"line":19,"column":70}}],"line":18},"1":{"loc":{"start":{"line":55,"column":4},"end":{"line":55,"column":35}},"type":"if","locations":[{"start":{"line":55,"column":4},"end":{"line":55,"column":35}},{"start":{},"end":{}}],"line":55},"2":{"loc":{"start":{"line":56,"column":4},"end":{"line":56,"column":53}},"type":"if","locations":[{"start":{"line":56,"column":4},"end":{"line":56,"column":53}},{"start":{},"end":{}}],"line":56}},"s":{"0":1,"1":2,"2":2,"3":2,"4":2,"5":2,"6":2,"7":1,"8":2,"9":0,"10":1,"11":1,"12":1,"13":0,"14":1,"15":2,"16":1,"17":2,"18":1,"19":2,"20":0,"21":2,"22":0,"23":2,"24":1,"25":1,"26":0,"27":1,"28":0},"f":{"0":2,"1":2,"2":1,"3":0,"4":1,"5":1,"6":1,"7":0,"8":0,"9":0},"b":{"0":[1,0],"1":[1,1],"2":[0,1]},"_coverageSchema":"1a1c01bbd47fc00a2c39e90264f33305004495a9","hash":"a20a424c1d1251118666f3f1d7b5bff654e44ad4"}
,"C:\\Users\\M R Varun\\Desktop\\M R Varun\\viteapp_final\\src\\pages\\Risk.jsx": {"path":"C:\\Users\\M R Varun\\Desktop\\M R Varun\\viteapp_final\\src\\pages\\Risk.jsx","statementMap":{"0":{"start":{"line":14,"column":13},"end":{"line":98,"column":2}},"1":{"start":{"line":15,"column":30},"end":{"line":15,"column":42}},"2":{"start":{"line":16,"column":30},"end":{"line":16,"column":42}},"3":{"start":{"line":17,"column":34},"end":{"line":17,"column":48}},"4":{"start":{"line":20,"column":8},"end":{"line":27,"column":9}},"5":{"start":{"line":21,"column":25},"end":{"line":21,"column":41}},"6":{"start":{"line":22,"column":12},"end":{"line":22,"column":27}},"7":{"start":{"line":24,"column":12},"end":{"line":24,"column":45}},"8":{"start":{"line":26,"column":12},"end":{"line":26,"column":30}},"9":{"start":{"line":30,"column":4},"end":{"line":32,"column":11}},"10":{"start":{"line":31,"column":8},"end":{"line":31,"column":20}},"11":{"start":{"line":34,"column":24},"end":{"line":40,"column":15}},"12":{"start":{"line":35,"column":23},"end":{"line":35,"column":53}},"13":{"start":{"line":36,"column":8},"end":{"line":38,"column":11}},"14":{"start":{"line":37,"column":12},"end":{"line":37,"column":65}},"15":{"start":{"line":37,"column":47},"end":{"line":37,"column":65}},"16":{"start":{"line":39,"column":8},"end":{"line":39,"column":22}},"17":{"start":{"line":42,"column":4},"end":{"line":42,"column":35}},"18":{"start":{"line":42,"column":17},"end":{"line":42,"column":35}},"19":{"start":{"line":43,"column":4},"end":{"line":43,"column":53}},"20":{"start":{"line":43,"column":15},"end":{"line":43,"column":53}},"21":{"start":{"line":45,"column":4},"end":{"line":97,"column":6}},"22":{"start":{"line":88,"column":28},"end":{"line":91,"column":39}}},"fnMap":{"0":{"name":"Risk","decl":{"start":{"line":14,"column":33},"end":{"line":14,"column":37}},"loc":{"start":{"line":14,"column":40},"end":{"line":98,"column":1}},"line":14},"1":{"name":"loadRisks","decl":{"start":{"line":19,"column":19},"end":{"line":19,"column":28}},"loc":{"start":{"line":19,"column":31},"end":{"line":28,"column":5}},"line":19},"2":{"name":"(anonymous_2)","decl":{"start":{"line":30,"column":14},"end":{"line":30,"column":15}},"loc":{"start":{"line":30,"column":20},"end":{"line":32,"column":5}},"line":30},"3":{"name":"(anonymous_3)","decl":{"start":{"line":34,"column":32},"end":{"line":34,"column":33}},"loc":{"start":{"line":34,"column":38},"end":{"line":40,"column":5}},"line":34},"4":{"name":"(anonymous_4)","decl":{"start":{"line":36,"column":22},"end":{"line":36,"column":23}},"loc":{"start":{"line":36,"column":27},"end":{"line":38,"column":9}},"line":36},"5":{"name":"(anonymous_5)","decl":{"start":{"line":87,"column":35},"end":{"line":87,"column":36}},"loc":{"start":{"line":88,"column":28},"end":{"line":91,"column":39}},"line":88}},"branchMap":{"0":{"loc":{"start":{"line":37,"column":12},"end":{"line":37,"column":65}},"type":"if","locations":[{"start":{"line":37,"column":12},"end":{"line":37,"column":65}},{"start":{},"end":{}}],"line":37},"1":{"loc":{"start":{"line":42,"column":4},"end":{"line":42,"column":35}},"type":"if","locations":[{"start":{"line":42,"column":4},"end":{"line":42,"column":35}},{"start":{},"end":{}}],"line":42},"2":{"loc":{"start":{"line":43,"column":4},"end":{"line":43,"column":53}},"type":"if","locations":[{"start":{"line":43,"column":4},"end":{"line":43,"column":53}},{"start":{},"end":{}}],"line":43}},"s":{"0":1,"1":2,"2":2,"3":2,"4":1,"5":1,"6":1,"7":0,"8":1,"9":2,"10":1,"11":2,"12":2,"13":2,"14":1,"15":1,"16":2,"17":2,"18":1,"19":1,"20":0,"21":1,"22":1},"f":{"0":2,"1":1,"2":1,"3":2,"4":1,"5":1},"b":{"0":[1,0],"1":[1,1],"2":[0,1]},"_coverageSchema":"1a1c01bbd47fc00a2c39e90264f33305004495a9","hash":"c51456de85b148c074fadf2db963ba9d5c60601d"}
,"C:\\Users\\M R Varun\\Desktop\\M R Varun\\viteapp_final\\src\\pages\\Settings.jsx": {"path":"C:\\Users\\M R Varun\\Desktop\\M R Varun\\viteapp_final\\src\\pages\\Settings.jsx","statementMap":{"0":{"start":{"line":4,"column":4},"end":{"line":8,"column":6}}},"fnMap":{"0":{"name":"Settings","decl":{"start":{"line":3,"column":9},"end":{"line":3,"column":17}},"loc":{"start":{"line":3,"column":20},"end":{"line":9,"column":1}},"line":3}},"branchMap":{},"s":{"0":1},"f":{"0":1},"b":{},"_coverageSchema":"1a1c01bbd47fc00a2c39e90264f33305004495a9","hash":"d4e3823c56a98af89c42bf67e0d2f414b1e2aea9"}
,"C:\\Users\\M R Varun\\Desktop\\M R Varun\\viteapp_final\\src\\pages\\Vendors.jsx": {"path":"C:\\Users\\M R Varun\\Desktop\\M R Varun\\viteapp_final\\src\\pages\\Vendors.jsx","statementMap":{"0":{"start":{"line":13,"column":20},"end":{"line":13,"column":68}},"1":{"start":{"line":13,"column":43},"end":{"line":13,"column":67}},"2":{"start":{"line":14,"column":21},"end":{"line":14,"column":34}},"3":{"start":{"line":16,"column":28},"end":{"line":16,"column":39}},"4":{"start":{"line":22,"column":32},"end":{"line":22,"column":44}},"5":{"start":{"line":25,"column":28},"end":{"line":31,"column":25}},"6":{"start":{"line":26,"column":8},"end":{"line":30,"column":10}},"7":{"start":{"line":27,"column":12},"end":{"line":29,"column":72}},"8":{"start":{"line":33,"column":21},"end":{"line":33,"column":59}},"9":{"start":{"line":35,"column":31},"end":{"line":38,"column":10}},"10":{"start":{"line":36,"column":8},"end":{"line":36,"column":25}},"11":{"start":{"line":37,"column":8},"end":{"line":37,"column":19}},"12":{"start":{"line":40,"column":20},"end":{"line":49,"column":5}},"13":{"start":{"line":47,"column":33},"end":{"line":47,"column":76}},"14":{"start":{"line":51,"column":4},"end":{"line":86,"column":6}},"15":{"start":{"line":55,"column":71},"end":{"line":55,"column":94}},"16":{"start":{"line":56,"column":70},"end":{"line":56,"column":92}},"17":{"start":{"line":62,"column":31},"end":{"line":62,"column":52}},"18":{"start":{"line":73,"column":37},"end":{"line":73,"column":71}}},"fnMap":{"0":{"name":"Vendors","decl":{"start":{"line":12,"column":9},"end":{"line":12,"column":16}},"loc":{"start":{"line":12,"column":19},"end":{"line":87,"column":1}},"line":12},"1":{"name":"(anonymous_1)","decl":{"start":{"line":13,"column":32},"end":{"line":13,"column":33}},"loc":{"start":{"line":13,"column":43},"end":{"line":13,"column":67}},"line":13},"2":{"name":"(anonymous_2)","decl":{"start":{"line":25,"column":36},"end":{"line":25,"column":37}},"loc":{"start":{"line":25,"column":42},"end":{"line":31,"column":5}},"line":25},"3":{"name":"(anonymous_3)","decl":{"start":{"line":26,"column":30},"end":{"line":26,"column":31}},"loc":{"start":{"line":27,"column":12},"end":{"line":29,"column":72}},"line":27},"4":{"name":"(anonymous_4)","decl":{"start":{"line":35,"column":43},"end":{"line":35,"column":44}},"loc":{"start":{"line":35,"column":54},"end":{"line":38,"column":5}},"line":35},"5":{"name":"(anonymous_5)","decl":{"start":{"line":47,"column":24},"end":{"line":47,"column":25}},"loc":{"start":{"line":47,"column":33},"end":{"line":47,"column":76}},"line":47},"6":{"name":"(anonymous_6)","decl":{"start":{"line":55,"column":64},"end":{"line":55,"column":65}},"loc":{"start":{"line":55,"column":71},"end":{"line":55,"column":94}},"line":55},"7":{"name":"(anonymous_7)","decl":{"start":{"line":56,"column":63},"end":{"line":56,"column":64}},"loc":{"start":{"line":56,"column":70},"end":{"line":56,"column":92}},"line":56},"8":{"name":"(anonymous_8)","decl":{"start":{"line":62,"column":25},"end":{"line":62,"column":26}},"loc":{"start":{"line":62,"column":31},"end":{"line":62,"column":52}},"line":62},"9":{"name":"(anonymous_9)","decl":{"start":{"line":73,"column":30},"end":{"line":73,"column":31}},"loc":{"start":{"line":73,"column":37},"end":{"line":73,"column":71}},"line":73}},"branchMap":{"0":{"loc":{"start":{"line":27,"column":12},"end":{"line":29,"column":72}},"type":"binary-expr","locations":[{"start":{"line":27,"column":12},"end":{"line":27,"column":68}},{"start":{"line":28,"column":12},"end":{"line":28,"column":70}},{"start":{"line":29,"column":12},"end":{"line":29,"column":72}}],"line":27}},"s":{"0":1,"1":2,"2":1,"3":1,"4":1,"5":1,"6":1,"7":3,"8":1,"9":1,"10":0,"11":0,"12":1,"13":3,"14":1,"15":3,"16":3,"17":0,"18":0},"f":{"0":1,"1":2,"2":1,"3":3,"4":0,"5":3,"6":3,"7":3,"8":0,"9":0},"b":{"0":[3,0,0]},"_coverageSchema":"1a1c01bbd47fc00a2c39e90264f33305004495a9","hash":"2e8bb708235287057177d6b2b0c370b7258f8af6"}
,"C:\\Users\\M R Varun\\Desktop\\M R Varun\\viteapp_final\\src\\redux\\approvalSlice.js": {"path":"C:\\Users\\M R Varun\\Desktop\\M R Varun\\viteapp_final\\src\\redux\\approvalSlice.js","statementMap":{"0":{"start":{"line":4,"column":30},"end":{"line":16,"column":1}},"1":{"start":{"line":10,"column":21},"end":{"line":10,"column":45}},"2":{"start":{"line":12,"column":8},"end":{"line":12,"column":20}},"3":{"start":{"line":18,"column":22},"end":{"line":67,"column":2}},"4":{"start":{"line":36,"column":12},"end":{"line":36,"column":42}},"5":{"start":{"line":42,"column":25},"end":{"line":46,"column":13}},"6":{"start":{"line":44,"column":25},"end":{"line":44,"column":53}},"7":{"start":{"line":48,"column":12},"end":{"line":50,"column":13}},"8":{"start":{"line":49,"column":16},"end":{"line":49,"column":52}},"9":{"start":{"line":58,"column":8},"end":{"line":63,"column":15}},"10":{"start":{"line":61,"column":16},"end":{"line":61,"column":45}},"11":{"start":{"line":69,"column":59},"end":{"line":69,"column":80}}},"fnMap":{"0":{"name":"(anonymous_0)","decl":{"start":{"line":8,"column":4},"end":{"line":8,"column":5}},"loc":{"start":{"line":8,"column":16},"end":{"line":14,"column":5}},"line":8},"1":{"name":"(anonymous_1)","decl":{"start":{"line":34,"column":27},"end":{"line":34,"column":28}},"loc":{"start":{"line":34,"column":46},"end":{"line":38,"column":9}},"line":34},"2":{"name":"(anonymous_2)","decl":{"start":{"line":40,"column":30},"end":{"line":40,"column":31}},"loc":{"start":{"line":40,"column":49},"end":{"line":52,"column":9}},"line":40},"3":{"name":"(anonymous_3)","decl":{"start":{"line":44,"column":16},"end":{"line":44,"column":17}},"loc":{"start":{"line":44,"column":25},"end":{"line":44,"column":53}},"line":44},"4":{"name":"(anonymous_4)","decl":{"start":{"line":56,"column":19},"end":{"line":56,"column":20}},"loc":{"start":{"line":56,"column":32},"end":{"line":65,"column":5}},"line":56},"5":{"name":"(anonymous_5)","decl":{"start":{"line":59,"column":47},"end":{"line":59,"column":48}},"loc":{"start":{"line":59,"column":66},"end":{"line":63,"column":13}},"line":59}},"branchMap":{"0":{"loc":{"start":{"line":48,"column":12},"end":{"line":50,"column":13}},"type":"if","locations":[{"start":{"line":48,"column":12},"end":{"line":50,"column":13}},{"start":{},"end":{}}],"line":48}},"s":{"0":1,"1":0,"2":0,"3":1,"4":0,"5":0,"6":0,"7":0,"8":0,"9":1,"10":0,"11":1},"f":{"0":0,"1":0,"2":0,"3":0,"4":1,"5":0},"b":{"0":[0,0]},"_coverageSchema":"1a1c01bbd47fc00a2c39e90264f33305004495a9","hash":"76bc88f4d5a585a5f5e091f87e3524949429d97f"}
,"C:\\Users\\M R Varun\\Desktop\\M R Varun\\viteapp_final\\src\\redux\\auditSlice.js": {"path":"C:\\Users\\M R Varun\\Desktop\\M R Varun\\viteapp_final\\src\\redux\\auditSlice.js","statementMap":{"0":{"start":{"line":4,"column":27},"end":{"line":16,"column":1}},"1":{"start":{"line":10,"column":21},"end":{"line":10,"column":38}},"2":{"start":{"line":12,"column":8},"end":{"line":12,"column":20}},"3":{"start":{"line":18,"column":19},"end":{"line":45,"column":2}},"4":{"start":{"line":36,"column":8},"end":{"line":41,"column":15}},"5":{"start":{"line":39,"column":16},"end":{"line":39,"column":46}}},"fnMap":{"0":{"name":"(anonymous_0)","decl":{"start":{"line":8,"column":4},"end":{"line":8,"column":5}},"loc":{"start":{"line":8,"column":16},"end":{"line":14,"column":5}},"line":8},"1":{"name":"(anonymous_1)","decl":{"start":{"line":34,"column":19},"end":{"line":34,"column":20}},"loc":{"start":{"line":34,"column":32},"end":{"line":43,"column":5}},"line":34},"2":{"name":"(anonymous_2)","decl":{"start":{"line":37,"column":44},"end":{"line":37,"column":45}},"loc":{"start":{"line":37,"column":63},"end":{"line":41,"column":13}},"line":37}},"branchMap":{},"s":{"0":1,"1":0,"2":0,"3":1,"4":1,"5":0},"f":{"0":0,"1":1,"2":0},"b":{},"_coverageSchema":"1a1c01bbd47fc00a2c39e90264f33305004495a9","hash":"b9a85670d6f18904593af5a2eaa07eaef7ed2dfe"}
,"C:\\Users\\M R Varun\\Desktop\\M R Varun\\viteapp_final\\src\\redux\\authSlice.js": {"path":"C:\\Users\\M R Varun\\Desktop\\M R Varun\\viteapp_final\\src\\redux\\authSlice.js","statementMap":{"0":{"start":{"line":4,"column":27},"end":{"line":25,"column":1}},"1":{"start":{"line":10,"column":8},"end":{"line":21,"column":9}},"2":{"start":{"line":12,"column":25},"end":{"line":12,"column":106}},"3":{"start":{"line":14,"column":12},"end":{"line":14,"column":24}},"4":{"start":{"line":19,"column":12},"end":{"line":19,"column":50}},"5":{"start":{"line":27,"column":26},"end":{"line":48,"column":1}},"6":{"start":{"line":33,"column":8},"end":{"line":44,"column":9}},"7":{"start":{"line":35,"column":25},"end":{"line":35,"column":57}},"8":{"start":{"line":37,"column":12},"end":{"line":37,"column":24}},"9":{"start":{"line":42,"column":12},"end":{"line":42,"column":50}},"10":{"start":{"line":50,"column":18},"end":{"line":134,"column":2}},"11":{"start":{"line":68,"column":12},"end":{"line":68,"column":36}},"12":{"start":{"line":70,"column":12},"end":{"line":74,"column":14}},"13":{"start":{"line":76,"column":12},"end":{"line":76,"column":29}},"14":{"start":{"line":82,"column":12},"end":{"line":82,"column":37}},"15":{"start":{"line":84,"column":12},"end":{"line":84,"column":30}},"16":{"start":{"line":86,"column":12},"end":{"line":86,"column":29}},"17":{"start":{"line":92,"column":12},"end":{"line":92,"column":37}},"18":{"start":{"line":94,"column":12},"end":{"line":94,"column":30}},"19":{"start":{"line":102,"column":8},"end":{"line":130,"column":15}},"20":{"start":{"line":105,"column":16},"end":{"line":105,"column":40}},"21":{"start":{"line":107,"column":16},"end":{"line":107,"column":44}},"22":{"start":{"line":109,"column":16},"end":{"line":109,"column":33}},"23":{"start":{"line":114,"column":16},"end":{"line":114,"column":45}},"24":{"start":{"line":119,"column":16},"end":{"line":119,"column":40}},"25":{"start":{"line":121,"column":16},"end":{"line":121,"column":44}},"26":{"start":{"line":123,"column":16},"end":{"line":123,"column":33}},"27":{"start":{"line":128,"column":16},"end":{"line":128,"column":45}},"28":{"start":{"line":136,"column":49},"end":{"line":136,"column":66}}},"fnMap":{"0":{"name":"(anonymous_0)","decl":{"start":{"line":8,"column":4},"end":{"line":8,"column":5}},"loc":{"start":{"line":8,"column":45},"end":{"line":23,"column":5}},"line":8},"1":{"name":"(anonymous_1)","decl":{"start":{"line":31,"column":4},"end":{"line":31,"column":5}},"loc":{"start":{"line":31,"column":56},"end":{"line":46,"column":5}},"line":31},"2":{"name":"(anonymous_2)","decl":{"start":{"line":66,"column":15},"end":{"line":66,"column":16}},"loc":{"start":{"line":66,"column":34},"end":{"line":78,"column":9}},"line":66},"3":{"name":"(anonymous_3)","decl":{"start":{"line":80,"column":16},"end":{"line":80,"column":17}},"loc":{"start":{"line":80,"column":27},"end":{"line":88,"column":9}},"line":80},"4":{"name":"(anonymous_4)","decl":{"start":{"line":90,"column":24},"end":{"line":90,"column":25}},"loc":{"start":{"line":90,"column":35},"end":{"line":96,"column":9}},"line":90},"5":{"name":"(anonymous_5)","decl":{"start":{"line":100,"column":19},"end":{"line":100,"column":20}},"loc":{"start":{"line":100,"column":32},"end":{"line":132,"column":5}},"line":100},"6":{"name":"(anonymous_6)","decl":{"start":{"line":103,"column":43},"end":{"line":103,"column":44}},"loc":{"start":{"line":103,"column":62},"end":{"line":111,"column":13}},"line":103},"7":{"name":"(anonymous_7)","decl":{"start":{"line":112,"column":42},"end":{"line":112,"column":43}},"loc":{"start":{"line":112,"column":61},"end":{"line":116,"column":13}},"line":112},"8":{"name":"(anonymous_8)","decl":{"start":{"line":117,"column":44},"end":{"line":117,"column":45}},"loc":{"start":{"line":117,"column":63},"end":{"line":125,"column":13}},"line":117},"9":{"name":"(anonymous_9)","decl":{"start":{"line":126,"column":43},"end":{"line":126,"column":44}},"loc":{"start":{"line":126,"column":62},"end":{"line":130,"column":13}},"line":126}},"branchMap":{"0":{"loc":{"start":{"line":70,"column":25},"end":{"line":74,"column":13}},"type":"binary-expr","locations":[{"start":{"line":70,"column":25},"end":{"line":70,"column":39}},{"start":{"line":70,"column":43},"end":{"line":74,"column":13}}],"line":70}},"s":{"0":5,"1":0,"2":0,"3":0,"4":0,"5":5,"6":0,"7":0,"8":0,"9":0,"10":5,"11":1,"12":1,"13":1,"14":1,"15":1,"16":1,"17":1,"18":1,"19":5,"20":0,"21":0,"22":0,"23":0,"24":0,"25":0,"26":0,"27":0,"28":5},"f":{"0":0,"1":0,"2":1,"3":1,"4":1,"5":5,"6":0,"7":0,"8":0,"9":0},"b":{"0":[1,0]},"_coverageSchema":"1a1c01bbd47fc00a2c39e90264f33305004495a9","hash":"0569bed49966ed2eba66dfdc140b3f8a20ca06d3"}
,"C:\\Users\\M R Varun\\Desktop\\M R Varun\\viteapp_final\\src\\redux\\complianceSlice.js": {"path":"C:\\Users\\M R Varun\\Desktop\\M R Varun\\viteapp_final\\src\\redux\\complianceSlice.js","statementMap":{"0":{"start":{"line":4,"column":31},"end":{"line":16,"column":1}},"1":{"start":{"line":10,"column":21},"end":{"line":10,"column":48}},"2":{"start":{"line":12,"column":8},"end":{"line":12,"column":20}},"3":{"start":{"line":18,"column":24},"end":{"line":45,"column":2}},"4":{"start":{"line":36,"column":8},"end":{"line":41,"column":15}},"5":{"start":{"line":39,"column":16},"end":{"line":39,"column":54}}},"fnMap":{"0":{"name":"(anonymous_0)","decl":{"start":{"line":8,"column":4},"end":{"line":8,"column":5}},"loc":{"start":{"line":8,"column":16},"end":{"line":14,"column":5}},"line":8},"1":{"name":"(anonymous_1)","decl":{"start":{"line":34,"column":19},"end":{"line":34,"column":20}},"loc":{"start":{"line":34,"column":32},"end":{"line":43,"column":5}},"line":34},"2":{"name":"(anonymous_2)","decl":{"start":{"line":37,"column":48},"end":{"line":37,"column":49}},"loc":{"start":{"line":37,"column":67},"end":{"line":41,"column":13}},"line":37}},"branchMap":{},"s":{"0":1,"1":0,"2":0,"3":1,"4":1,"5":0},"f":{"0":0,"1":1,"2":0},"b":{},"_coverageSchema":"1a1c01bbd47fc00a2c39e90264f33305004495a9","hash":"8e9fe95f77e7d6c2c6b4fd16ff5063d27b4e114d"}
,"C:\\Users\\M R Varun\\Desktop\\M R Varun\\viteapp_final\\src\\redux\\dashboardSlice.js": {"path":"C:\\Users\\M R Varun\\Desktop\\M R Varun\\viteapp_final\\src\\redux\\dashboardSlice.js","statementMap":{"0":{"start":{"line":3,"column":23},"end":{"line":68,"column":2}}},"fnMap":{},"branchMap":{},"s":{"0":2},"f":{},"b":{},"_coverageSchema":"1a1c01bbd47fc00a2c39e90264f33305004495a9","hash":"e3a33d3fa50c2be6be73b8e355fc286eb0fd094c"}
,"C:\\Users\\M R Varun\\Desktop\\M R Varun\\viteapp_final\\src\\redux\\notificationSlice.js": {"path":"C:\\Users\\M R Varun\\Desktop\\M R Varun\\viteapp_final\\src\\redux\\notificationSlice.js","statementMap":{"0":{"start":{"line":4,"column":34},"end":{"line":16,"column":1}},"1":{"start":{"line":10,"column":21},"end":{"line":10,"column":45}},"2":{"start":{"line":12,"column":8},"end":{"line":12,"column":20}},"3":{"start":{"line":18,"column":26},"end":{"line":59,"column":2}},"4":{"start":{"line":32,"column":25},"end":{"line":34,"column":13}},"5":{"start":{"line":33,"column":34},"end":{"line":33,"column":68}},"6":{"start":{"line":35,"column":12},"end":{"line":37,"column":13}},"7":{"start":{"line":36,"column":16},"end":{"line":36,"column":33}},"8":{"start":{"line":40,"column":25},"end":{"line":42,"column":13}},"9":{"start":{"line":41,"column":34},"end":{"line":41,"column":68}},"10":{"start":{"line":43,"column":12},"end":{"line":45,"column":13}},"11":{"start":{"line":44,"column":16},"end":{"line":44,"column":34}},"12":{"start":{"line":48,"column":12},"end":{"line":50,"column":15}},"13":{"start":{"line":49,"column":16},"end":{"line":49,"column":41}},"14":{"start":{"line":54,"column":8},"end":{"line":57,"column":15}},"15":{"start":{"line":56,"column":16},"end":{"line":56,"column":53}},"16":{"start":{"line":61,"column":57},"end":{"line":61,"column":82}}},"fnMap":{"0":{"name":"(anonymous_0)","decl":{"start":{"line":8,"column":4},"end":{"line":8,"column":5}},"loc":{"start":{"line":8,"column":16},"end":{"line":14,"column":5}},"line":8},"1":{"name":"(anonymous_1)","decl":{"start":{"line":31,"column":20},"end":{"line":31,"column":21}},"loc":{"start":{"line":31,"column":39},"end":{"line":38,"column":9}},"line":31},"2":{"name":"(anonymous_2)","decl":{"start":{"line":33,"column":16},"end":{"line":33,"column":17}},"loc":{"start":{"line":33,"column":34},"end":{"line":33,"column":68}},"line":33},"3":{"name":"(anonymous_3)","decl":{"start":{"line":39,"column":22},"end":{"line":39,"column":23}},"loc":{"start":{"line":39,"column":41},"end":{"line":46,"column":9}},"line":39},"4":{"name":"(anonymous_4)","decl":{"start":{"line":41,"column":16},"end":{"line":41,"column":17}},"loc":{"start":{"line":41,"column":34},"end":{"line":41,"column":68}},"line":41},"5":{"name":"(anonymous_5)","decl":{"start":{"line":47,"column":21},"end":{"line":47,"column":22}},"loc":{"start":{"line":47,"column":32},"end":{"line":51,"column":9}},"line":47},"6":{"name":"(anonymous_6)","decl":{"start":{"line":48,"column":40},"end":{"line":48,"column":41}},"loc":{"start":{"line":48,"column":58},"end":{"line":50,"column":13}},"line":48},"7":{"name":"(anonymous_7)","decl":{"start":{"line":53,"column":19},"end":{"line":53,"column":20}},"loc":{"start":{"line":53,"column":32},"end":{"line":58,"column":5}},"line":53},"8":{"name":"(anonymous_8)","decl":{"start":{"line":55,"column":51},"end":{"line":55,"column":52}},"loc":{"start":{"line":55,"column":70},"end":{"line":57,"column":13}},"line":55}},"branchMap":{"0":{"loc":{"start":{"line":35,"column":
[...]
,"C:\\Users\\M R Varun\\Desktop\\M R Varun\\viteapp_final\\src\\routes\\RoleRoute.jsx": {"path":"C:\\Users\\M R Varun\\Desktop\\M R Varun\\viteapp_final\\src\\routes\\RoleRoute.jsx","statementMap":{"0":{"start":{"line":7,"column":17},"end":{"line":7,"column":56}},"1":{"start":{"line":7,"column":40},"end":{"line":7,"column":55}},"2":{"start":{"line":9,"column":4},"end":{"line":17,"column":6}}},"fnMap":{"0":{"name":"RoleRoute","decl":{"start":{"line":5,"column":9},"end":{"line":5,"column":18}},"loc":{"start":{"line":5,"column":47},"end":{"line":19,"column":1}},"line":5},"1":{"name":"(anonymous_1)","decl":{"start":{"line":7,"column":29},"end":{"line":7,"column":30}},"loc":{"start":{"line":7,"column":40},"end":{"line":7,"column":55}},"line":7}},"branchMap":{"0":{"loc":{"start":{"line":13,"column":13},"end":{"line":13,"column":88}},"type":"cond-expr","locations":[{"start":{"line":13,"column":49},"end":{"line":13,"column":57}},{"start":{"line":13,"column":60},"end":{"line":13,"column":88}}],"line":13}},"s":{"0":0,"1":0,"2":0},"f":{"0":0,"1":0},"b":{"0":[0,0]},"_coverageSchema":"1a1c01bbd47fc00a2c39e90264f33305004495a9","hash":"ac92f8ec2048248cc37fb9bf867ed26936cf94cc"}
,"C:\\Users\\M R Varun\\Desktop\\M R Varun\\viteapp_final\\src\\services\\apiClient.js": {"path":"C:\\Users\\M R Varun\\Desktop\\M R Varun\\viteapp_final\\src\\services\\apiClient.js","statementMap":{"0":{"start":{"line":3,"column":18},"end":{"line":9,"column":2}},"1":{"start":{"line":11,"column":0},"end":{"line":27,"column":2}},"2":{"start":{"line":15,"column":8},"end":{"line":15,"column":36}},"3":{"start":{"line":17,"column":8},"end":{"line":17,"column":22}},"4":{"start":{"line":23,"column":8},"end":{"line":23,"column":37}},"5":{"start":{"line":29,"column":0},"end":{"line":47,"column":2}},"6":{"start":{"line":33,"column":8},"end":{"line":33,"column":41}},"7":{"start":{"line":35,"column":8},"end":{"line":35,"column":24}},"8":{"start":{"line":41,"column":8},"end":{"line":41,"column":33}},"9":{"start":{"line":43,"column":8},"end":{"line":43,"column":37}},"10":{"start":{"line":51,"column":4},"end":{"line":59,"column":7}},"11":{"start":{"line":53,"column":8},"end":{"line":57,"column":18}},"12":{"start":{"line":55,"column":12},"end":{"line":55,"column":30}}},"fnMap":{"0":{"name":"(anonymous_0)","decl":{"start":{"line":13,"column":4},"end":{"line":13,"column":5}},"loc":{"start":{"line":13,"column":16},"end":{"line":19,"column":5}},"line":13},"1":{"name":"(anonymous_1)","decl":{"start":{"line":21,"column":4},"end":{"line":21,"column":5}},"loc":{"start":{"line":21,"column":15},"end":{"line":25,"column":5}},"line":21},"2":{"name":"(anonymous_2)","decl":{"start":{"line":31,"column":4},"end":{"line":31,"column":5}},"loc":{"start":{"line":31,"column":18},"end":{"line":37,"column":5}},"line":31},"3":{"name":"(anonymous_3)","decl":{"start":{"line":39,"column":4},"end":{"line":39,"column":5}},"loc":{"start":{"line":39,"column":15},"end":{"line":45,"column":5}},"line":39},"4":{"name":"mockApi","decl":{"start":{"line":49,"column":9},"end":{"line":49,"column":16}},"loc":{"start":{"line":49,"column":36},"end":{"line":61,"column":1}},"line":49},"5":{"name":"(anonymous_5)","decl":{"start":{"line":51,"column":23},"end":{"line":51,"column":24}},"loc":{"start":{"line":51,"column":36},"end":{"line":59,"column":5}},"line":51},"6":{"name":"(anonymous_6)","decl":{"start":{"line":53,"column":19},"end":{"line":53,"column":20}},"loc":{"start":{"line":53,"column":25},"end":{"line":57,"column":9}},"line":53}},"branchMap":{"0":{"loc":{"start":{"line":49,"column":23},"end":{"line":49,"column":34}},"type":"default-arg","locations":[{"start":{"line":49,"column":31},"end":{"line":49,"column":34}}],"line":49}},"s":{"0":17,"1":17,"2":0,"3":0,"4":0,"5":17,"6":0,"7":0,"8":0,"9":0,"10":0,"11":0,"12":0},"f":{"0":0,"1":0,"2":0,"3":0,"4":0,"5":0,"6":0},"b":{"0":[0]},"_coverageSchema":"1a1c01bbd47fc00a2c39e90264f33305004495a9","hash":"86835491f6cb2a7c3ec55b63cbf34fa3b34b5ea3"}
,"C:\\Users\\M R Varun\\Desktop\\M R Varun\\viteapp_final\\src\\services\\approvalService.js": {"path":"C:\\Users\\M R Varun\\Desktop\\M R Varun\\viteapp_final\\src\\services\\approvalService.js","statementMap":{"0":{"start":{"line":6,"column":21},"end":{"line":6,"column":53}},"1":{"start":{"line":8,"column":4},"end":{"line":8,"column":25}}},"fnMap":{"0":{"name":"getApprovalQueue","decl":{"start":{"line":4,"column":15},"end":{"line":4,"column":31}},"loc":{"start":{"line":4,"column":34},"end":{"line":10,"column":1}},"line":4}},"branchMap":{},"s":{"0":0,"1":0},"f":{"0":0},"b":{},"_coverageSchema":"1a1c01bbd47fc00a2c39e90264f33305004495a9","hash":"59c6840e974c79836335745eb47c70a8ccb06e8d"}
,"C:\\Users\\M R Varun\\Desktop\\M R Varun\\viteapp_final\\src\\services\\auditService.js": {"path":"C:\\Users\\M R Varun\\Desktop\\M R Varun\\viteapp_final\\src\\services\\auditService.js","statementMap":{"0":{"start":{"line":6,"column":21},"end":{"line":6,"column":50}},"1":{"start":{"line":8,"column":4},"end":{"line":8,"column":25}}},"fnMap":{"0":{"name":"getAudits","decl":{"start":{"line":4,"column":22},"end":{"line":4,"column":31}},"loc":{"start":{"line":4,"column":34},"end":{"line":10,"column":1}},"line":4}},"branchMap":{},"s":{"0":1,"1":1},"f":{"0":1},"b":{},"_coverageSchema":"1a1c01bbd47fc00a2c39e90264f33305004495a9","hash":"a819ccdebf39f370efaaef4ae872236881d2738a"}
,"C:\\Users\\M R Varun\\Desktop\\M R Varun\\viteapp_final\\src\\services\\authService.js": {"path":"C:\\Users\\M R Varun\\Desktop\\M R Varun\\viteapp_final\\src\\services\\authService.js","statementMap":{"0":{"start":{"line":6,"column":21},"end":{"line":6,"column":50}},"1":{"start":{"line":8,"column":26},"end":{"line":8,"column":76}},"2":{"start":{"line":8,"column":55},"end":{"line":8,"column":75}},"3":{"start":{"line":9,"column":4},"end":{"line":11,"column":5}},"4":{"start":{"line":10,"column":8},"end":{"line":10,"column":73}},"5":{"start":{"line":12,"column":4},"end":{"line":14,"column":5}},"6":{"start":{"line":13,"column":8},"end":{"line":13,"column":53}},"7":{"start":{"line":15,"column":17},"end":{"line":15,"column":30}},"8":{"start":{"line":17,"column":43},"end":{"line":17,"column":47}},"9":{"start":{"line":19,"column":4},"end":{"line":19,"column":20}},"10":{"start":{"line":25,"column":25},"end":{"line":25,"column":71}},"11":{"start":{"line":25,"column":50},"end":{"line":25,"column":70}},"12":{"start":{"line":26,"column":4},"end":{"line":28,"column":5}},"13":{"start":{"line":27,"column":8},"end":{"line":27,"column":95}},"14":{"start":{"line":30,"column":20},"end":{"line":36,"column":5}},"15":{"start":{"line":39,"column":4},"end":{"line":39,"column":28}},"16":{"start":{"line":41,"column":21},"end":{"line":41,"column":48}},"17":{"start":{"line":43,"column":43},"end":{"line":43,"column":56}},"18":{"start":{"line":45,"column":4},"end":{"line":45,"column":20}},"19":{"start":{"line":51,"column":21},"end":{"line":51,"column":50}},"20":{"start":{"line":53,"column":4},"end":{"line":53,"column":62}},"21":{"start":{"line":53,"column":56},"end":{"line":53,"column":60}}},"fnMap":{"0":{"name":"loginUser","decl":{"start":{"line":4,"column":15},"end":{"line":4,"column":24}},"loc":{"start":{"line":4,"column":42},"end":{"line":21,"column":1}},"line":4},"1":{"name":"(anonymous_1)","decl":{"start":{"line":8,"column":45},"end":{"line":8,"column":46}},"loc":{"start":{"line":8,"column":55},"end":{"line":8,"column":75}},"line":8},"2":{"name":"signupUser","decl":{"start":{"line":23,"column":15},"end":{"line":23,"column":25}},"loc":{"start":{"line":23,"column":55},"end":{"line":47,"column":1}},"line":23},"3":{"name":"(anonymous_3)","decl":{"start":{"line":25,"column":40},"end":{"line":25,"column":41}},"loc":{"start":{"line":25,"column":50},"end":{"line":25,"column":70}},"line":25},"4":{"name":"getUsers","decl":{"start":{"line":49,"column":15},"end":{"line":49,"column":23}},"loc":{"start":{"line":49,"column":26},"end":{"line":55,"column":1}},"line":49},"5":{"name":"(anonymous_5)","decl":{"start":{"line":53,"column":29},"end":{"line":53,"column":30}},"loc":{"start":{"line":53,"column":56},"end":{"line":53,"column":60}},"line":53}},"branchMap":{"0":{"loc":{"start":{"line":9,"column":4},"end":{"line":11,"column":5}},"type":"if","locations":[{"start":{"line":9,"column":4},"end":{"line":11,"column":5}},{"start":{},"end":{}}],"line":9},"1":{"loc":{"start":{"line":12,"column":4},"end":{"line":14,"column":5}},"type":"if","locations":[{"start":{"line":12,"column":4},"end":{"line":14,"column":5}},{"start":{},"end":{}}],"line":12},"2":{"loc":{"start":{"line":26,"column":4},"end":{"line":28,"column":5}},"type":"if","locations":[{"start":{"line":26,"column":4},"end":{"line":28,"column":5}},{"start":{},"end":{}}],"line":26}},"s":{"0":2,"1":2,"2":1,"3":2,"4":1,"5":1,"6":0,"7":1,"8":1,"9":1,"10":0,"11":0,"12":0,"13":0,"14":0,"15":0,"16":0,"17":0,"18":0,"19":0,"20":0,"21":0},"f":{"0":2,"1":1,"2":0,"3":0,"4":0,"5":0},"b":{"0":[1,1],"1":[0,1],"2":[0,0]},"_coverageSchema":"1a1c01bbd47fc00a2c39e90264f33305004495a9","hash":"8df6c6840ba5ef3b6ee84bdc8ebe6760eb175af7"}
,"C:\\Users\\M R Varun\\Desktop\\M R Varun\\viteapp_final\\src\\services\\complianceService.js": {"path":"C:\\Users\\M R Varun\\Desktop\\M R Varun\\viteapp_final\\src\\services\\complianceService.js","statementMap":{"0":{"start":{"line":6,"column":21},"end":{"line":6,"column":55}},"1":{"start":{"line":8,"column":4},"end":{"line":8,"column":25}}},"fnMap":{"0":{"name":"getComplianceIssues","decl":{"start":{"line":4,"column":22},"end":{"line":4,"column":41}},"loc":{"start":{"line":4,"column":44},"end":{"line":10,"column":1}},"line":4}},"branchMap":{},"s":{"0":1,"1":1},"f":{"0":1},"b":{},"_coverageSchema":"1a1c01bbd47fc00a2c39e90264f33305004495a9","hash":"e1b4d283bbc06098fd98735aac7cb8d5e0f9835a"}
,"C:\\Users\\M R Varun\\Desktop\\M R Varun\\viteapp_final\\src\\services\\notificationService.js": {"path":"C:\\Users\\M R Varun\\Desktop\\M R Varun\\viteapp_final\\src\\services\\notificationService.js","statementMap":{"0":{"start":{"line":6,"column":21},"end":{"line":6,"column":58}},"1":{"start":{"line":8,"column":4},"end":{"line":8,"column":25}}},"fnMap":{"0":{"name":"getNotifications","decl":{"start":{"line":4,"column":15},"end":{"line":4,"column":31}},"loc":{"start":{"line":4,"column":34},"end":{"line":10,"column":1}},"line":4}},"branchMap":{},"s":{"0":0,"1":0},"f":{"0":0},"b":{},"_coverageSchema":"1a1c01bbd47fc00a2c39e90264f33305004495a9","hash":"d05fe6ba9d36c0357c2a5de2e00df76281de1115"}
,"C:\\Users\\M R Varun\\Desktop\\M R Varun\\viteapp_final\\src\\services\\procurementService.js": {"path":"C:\\Users\\M R Varun\\Desktop\\M R Varun\\viteapp_final\\src\\services\\procurementService.js","statementMap":{"0":{"start":{"line":6,"column":21},"end":{"line":6,"column":53}},"1":{"start":{"line":8,"column":4},"end":{"line":8,"column":25}}},"fnMap":{"0":{"name":"getProcurementRequests","decl":{"start":{"line":4,"column":22},"end":{"line":4,"column":44}},"loc":{"start":{"line":4,"column":47},"end":{"line":10,"column":1}},"line":4}},"branchMap":{},"s":{"0":0,"1":0},"f":{"0":0},"b":{},"_coverageSchema":"1a1c01bbd47fc00a2c39e90264f33305004495a9","hash":"02745b48615a2fb55497c37ea87d4d313dd0bd12"}
,"C:\\Users\\M R Varun\\Desktop\\M R Varun\\viteapp_final\\src\\services\\reportService.js": {"path":"C:\\Users\\M R Varun\\Desktop\\M R Varun\\viteapp_final\\src\\services\\reportService.js","statementMap":{"0":{"start":{"line":6,"column":21},"end":{"line":6,"column":52}},"1":{"start":{"line":8,"column":4},"end":{"line":8,"column":25}}},"fnMap":{"0":{"name":"getReports","decl":{"start":{"line":4,"column":15},"end":{"line":4,"column":25}},"loc":{"start":{"line":4,"column":28},"end":{"line":10,"column":1}},"line":4}},"branchMap":{},"s":{"0":1,"1":1},"f":{"0":1},"b":{},"_coverageSchema":"1a1c01bbd47fc00a2c39e90264f33305004495a9","hash":"13223e83577c4c17e63fe67f86d9d668771d74b8"}
,"C:\\Users\\M R Varun\\Desktop\\M R Varun\\viteapp_final\\src\\services\\riskService.js": {"path":"C:\\Users\\M R Varun\\Desktop\\M R Varun\\viteapp_final\\src\\services\\riskService.js","statementMap":{"0":{"start":{"line":6,"column":21},"end":{"line":6,"column":49}},"1":{"start":{"line":8,"column":4},"end":{"line":8,"column":25}}},"fnMap":{"0":{"name":"getRisks","decl":{"start":{"line":4,"column":15},"end":{"line":4,"column":23}},"loc":{"start":{"line":4,"column":26},"end":{"line":10,"column":1}},"line":4}},"branchMap":{},"s":{"0":1,"1":1},"f":{"0":1},"b":{},"_coverageSchema":"1a1c01bbd47fc00a2c39e90264f33305004495a9","hash":"32f355ba5a514e913f6bc8754c9a0422b7eeeb8d"}
,"C:\\Users\\M R Varun\\Desktop\\M R Varun\\viteapp_final\\src\\services\\vendorServices.js": {"path":"C:\\Users\\M R Varun\\Desktop\\M R Varun\\viteapp_final\\src\\services\\vendorServices.js","statementMap":{"0":{"start":{"line":6,"column":21},"end":{"line":6,"column":52}},"1":{"start":{"line":8,"column":4},"end":{"line":8,"column":25}}},"fnMap":{"0":{"name":"getVendors","decl":{"start":{"line":4,"column":15},"end":{"line":4,"column":25}},"loc":{"start":{"line":4,"column":28},"end":{"line":10,"column":1}},"line":4}},"branchMap":{},"s":{"0":1,"1":1},"f":{"0":1},"b":{},"_coverageSchema":"1a1c01bbd47fc00a2c39e90264f33305004495a9","hash":"9d49132fd713098da3bf8337bd5ec2db6b3c0b5d"}
,"C:\\Users\\M R Varun\\Desktop\\M R Varun\\viteapp_final\\src\\tests\\styleMock.js": {"path":"C:\\Users\\M R Varun\\Desktop\\M R Varun\\viteapp_final\\src\\tests\\styleMock.js","statementMap":{"0":{"start":{"line":1,"column":0},"end":{"line":1,"column":20}}},"fnMap":{},"branchMap":{},"s":{"0":2},"f":{},"b":{},"_coverageSchema":"1a1c01bbd47fc00a2c39e90264f33305004495a9","hash":"fa46fc509479090811a62c602946161f722d2e71"}
,"C:\\Users\\M R Varun\\Desktop\\M R Varun\\viteapp_final\\src\\utils\\helpers.js": {"path":"C:\\Users\\M R Varun\\Desktop\\M R Varun\\viteapp_final\\src\\utils\\helpers.js","statementMap":{"0":{"start":{"line":3,"column":4},"end":{"line":5,"column":5}},"1":{"start":{"line":4,"column":8},"end":{"line":4,"column":21}},"2":{"start":{"line":7,"column":23},"end":{"line":7,"column":42}},"3":{"start":{"line":9,"column":4},"end":{"line":23,"column":7}},"4":{"start":{"line":11,"column":8},"end":{"line":21,"column":11}},"5":{"start":{"line":13,"column":26},"end":{"line":13,"column":37}},"6":{"start":{"line":15,"column":12},"end":{"line":17,"column":13}},"7":{"start":{"line":16,"column":16},"end":{"line":16,"column":29}},"8":{"start":{"line":19,"column":12},"end":{"line":19,"column":68}},"9":{"start":{"line":29,"column":4},"end":{"line":31,"column":5}},"10":{"start":{"line":30,"column":8},"end":{"line":30,"column":15}},"11":{"start":{"line":33,"column":20},"end":{"line":33,"column":40}},"12":{"start":{"line":35,"column":17},"end":{"line":39,"column":6}},"13":{"start":{"line":37,"column":8},"end":{"line":37,"column":62}},"14":{"start":{"line":37,"column":39},"end":{"line":37,"column":50}},"15":{"start":{"line":41,"column":23},"end":{"line":41,"column":62}},"16":{"start":{"line":43,"column":17},"end":{"line":43,"column":61}},"17":{"start":{"line":45,"column":17},"end":{"line":45,"column":44}},"18":{"start":{"line":47,"column":4},"end":{"line":47,"column":42}},"19":{"start":{"line":48,"column":4},"end":{"line":48,"column":29}},"20":{"start":{"line":49,"column":4},"end":{"line":49,"column":17}},"21":{"start":{"line":55,"column":18},"end":{"line":55,"column":39}},"22":{"start":{"line":57,"column":4},"end":{"line":57,"column":48}}},"fnMap":{"0":{"name":"filterBySearch","decl":{"start":{"line":1,"column":9},"end":{"line":1,"column":23}},"loc":{"start":{"line":1,"column":46},"end":{"line":25,"column":1}},"line":1},"1":{"name":"(anonymous_1)","decl":{"start":{"line":9,"column":24},"end":{"line":9,"column":25}},"loc":{"start":{"line":9,"column":34},"end":{"line":23,"column":5}},"line":9},"2":{"name":"(anonymous_2)","decl":{"start":{"line":11,"column":27},"end":{"line":11,"column":28}},"loc":{"start":{"line":11,"column":38},"end":{"line":21,"column":9}},"line":11},"3":{"name":"exportToCSV","decl":{"start":{"line":27,"column":9},"end":{"line":27,"column":20}},"loc":{"start":{"line":27,"column":37},"end":{"line":51,"column":1}},"line":27},"4":{"name":"(anonymous_4)","decl":{"start":{"line":35,"column":26},"end":{"line":35,"column":27}},"loc":{"start":{"line":35,"column":35},"end":{"line":39,"column":5}},"line":35},"5":{"name":"(anonymous_5)","decl":{"start":{"line":37,"column":27},"end":{"line":37,"column":28}},"loc":{"start":{"line":37,"column":39},"end":{"line":37,"column":50}},"line":37},"6":{"name":"paginateList","decl":{"start":{"line":53,"column":9},"end":{"line":53,"column":21}},"loc":{"start":{"line":53,"column":45},"end":{"line":59,"column":1}},"line":53}},"branchMap":{"0":{"loc":{"start":{"line":3,"column":4},"end":{"line":5,"column":5}},"type":"if","locations":[{"start":{"line":3,"column":4},"end":{"line":5,"column":5}},{"start":{},"end":{}}],"line":3},"1":{"loc":{"start":{"line":15,"column":12},"end":{"line":17,"column":13}},"type":"if","locations":[{"start":{"line":15,"column":12},"end":{"line":17,"column":13}},{"start":{},"end":{}}],"line":15},"2":{"loc":{"start":{"line":29,"column":4},"end":{"line":31,"column":5}},"type":"if","locations":[{"start":{"line":29,"column":4},"end":{"line":31,"column":5}},{"start":{},"end":{}}],"line":29},"3":{"loc":{"start":{"line":29,"column":8},"end":{"line":29,"column":34}},"type":"binary-expr","locations":[{"start":{"line":29,"column":8},"end":{"line":29,"column":13}},{"start":{"line":29,"column":17},"end":{"line":29,"column":34}}],"line":29}},"s":{"0":0,"1":0,"2":0,"3":0,"4":0,"5":0,"6":0,"7":0,"8":0,"9":0,"10":0,"11":0,"12":0,"13":0,"14":0,"15":0,"16":0,"17":0,"18":0,"19":0,"20":0,"21":3,"22":3},"f":{"0":0,"1":0,"2":0,"3":0,"4":0,"5":0,"6":3},"b":{"0":[0,0],"1":[0,0],"2":[0,0],"3":[0,0]},"_coverageSchema":"1a1c01bbd47fc00a2c39e90264f33305004495a9","hash":"30ab75c40e3aaf67a1899c7f2b8f4c2ffd47fb64"}
,"C:\\Users\\M R Varun\\Desktop\\M R Varun\\viteapp_final\\src\\validation\\loginSchema.js": {"path":"C:\\Users\\M R Varun\\Desktop\\M R Varun\\viteapp_final\\src\\validation\\loginSchema.js","statementMap":{"0":{"start":{"line":3,"column":20},"end":{"line":11,"column":2}}},"fnMap":{},"branchMap":{},"s":{"0":2},"f":{},"b":{},"_coverageSchema":"1a1c01bbd47fc00a2c39e90264f33305004495a9","hash":"7e0393d6feb1d64c66783c03b32da0bd2fe5d405"}
,"C:\\Users\\M R Varun\\Desktop\\M R Varun\\viteapp_final\\src\\validation\\signupSchema.js": {"path":"C:\\Users\\M R Varun\\Desktop\\M R Varun\\viteapp_final\\src\\validation\\signupSchema.js","statementMap":{"0":{"start":{"line":3,"column":21},"end":{"line":13,"column":2}}},"fnMap":{},"branchMap":{},"s":{"0":2},"f":{},"b":{},"_coverageSchema":"1a1c01bbd47fc00a2c39e90264f33305004495a9","hash":"a06927eb9c29f3f408e0ebd2e51042fd05702588"}
}
