TN:
SF:src\components\DataToolbar.jsx
FN:8,DataToolbar
FN:13,applyFilters
FN:19,(anonymous_2)
FN:27,handleSearchChange
FN:35,(anonymous_4)
FN:43,handleExport
FN:74,(anonymous_6)
FNF:7
FNH:0
FNDA:0,DataToolbar
FNDA:0,applyFilters
FNDA:0,(anonymous_2)
FNDA:0,handleSearchChange
FNDA:0,(anonymous_4)
FNDA:0,handleExport
FNDA:0,(anonymous_6)
DA:10,0
DA:11,0
DA:15,0
DA:17,0
DA:19,0
DA:23,0
DA:29,0
DA:31,0
DA:33,0
DA:35,0
DA:39,0
DA:45,0
DA:49,0
DA:76,0
DA:78,0
LF:15
LH:0
BRDA:17,0,0,0
BRDA:17,0,1,0
BRDA:17,1,0,0
BRDA:17,1,1,0
BRDA:33,2,0,0
BRDA:33,2,1,0
BRDA:33,3,0,0
BRDA:33,3,1,0
BRDA:67,4,0,0
BRDA:67,4,1,0
BRF:10
BRH:0
end_of_record
TN:
SF:src\components\ErrorState.jsx
FN:4,ErrorState
FNF:1
FNH:1
FNDA:1,ErrorState
DA:6,1
LF:1
LH:1
BRF:0
BRH:0
end_of_record
TN:
SF:src\components\GlobalSearch.jsx
FN:13,GlobalSearch
FN:21,handleChange
FN:37,(anonymous_2)
FN:38,(anonymous_3)
FN:41,(anonymous_4)
FN:42,(anonymous_5)
FN:45,(anonymous_6)
FN:46,(anonymous_7)
FN:52,goToResult
FN:91,(anonymous_9)
FN:100,(anonymous_10)
FNF:11
FNH:0
FNDA:0,GlobalSearch
FNDA:0,handleChange
FNDA:0,(anonymous_2)
FNDA:0,(anonymous_3)
FNDA:0,(anonymous_4)
FNDA:0,(anonymous_5)
FNDA:0,(anonymous_6)
FNDA:0,(anonymous_7)
FNDA:0,goToResult
FNDA:0,(anonymous_9)
FNDA:0,(anonymous_10)
DA:15,0
DA:16,0
DA:18,0
DA:19,0
DA:23,0
DA:25,0
DA:27,0
DA:29,0
DA:30,0
DA:31,0
DA:34,0
DA:36,0
DA:37,0
DA:38,0
DA:40,0
DA:41,0
DA:42,0
DA:44,0
DA:45,0
DA:46,0
DA:48,0
DA:54,0
DA:56,0
DA:58,0
DA:62,0
DA:93,0
DA:100,0
LF:27
LH:0
BRDA:29,0,0,0
BRDA:29,0,1,0
BRDA:79,1,0,0
BRDA:79,1,1,0
BRF:4
BRH:0
end_of_record
TN:
SF:src\components\HeaderActions.jsx
FN:18,HeaderActions
FN:28,openMenu
FN:32,closeMenu
FN:36,logoutUser
FN:96,(anonymous_4)
FNF:5
FNH:0
FNDA:0,HeaderActions
FNDA:0,openMenu
FNDA:0,closeMenu
FNDA:0,logoutUser
FNDA:0,(anonymous_4)
DA:20,0
DA:22,0
DA:23,0
DA:24,0
DA:26,0
DA:29,0
DA:33,0
DA:37,0
DA:38,0
DA:39,0
DA:42,0
DA:96,0
LF:12
LH:0
BRDA:60,0,0,0
BRDA:60,0,1,0
BRDA:90,1,0,0
BRDA:90,1,1,0
BRF:4
BRH:0
end_of_record
TN:
SF:src\components\KpiCard.jsx
FN:6,KpiCard
FNF:1
FNH:1
FNDA:4,KpiCard
DA:8,4
LF:1
LH:1
BRF:0
BRH:0
end_of_record
TN:
SF:src\components\Loader.jsx
FN:5,Loader
FNF:1
FNH:1
FNDA:7,Loader
DA:7,7
LF:1
LH:1
BRF:0
BRH:0
end_of_record
TN:
SF:src\components\RiskCharts.jsx
FN:17,RiskCharts
FN:20,(anonymous_1)
FN:21,(anonymous_2)
FN:22,(anonymous_3)
FN:59,(anonymous_4)
FNF:5
FNH:5
FNDA:1,RiskCharts
FNDA:1,(anonymous_1)
FNDA:1,(anonymous_2)
FNDA:1,(anonymous_3)
FNDA:3,(anonymous_4)
DA:19,1
DA:20,1
DA:21,1
DA:22,1
DA:25,1
DA:27,1
DA:61,3
LF:7
LH:7
BRF:0
BRH:0
end_of_record
TN:
SF:src\components\SearchBar.jsx
FN:4,SearchBar
FN:12,(anonymous_1)
FNF:2
FNH:2
FNDA:1,SearchBar
FNDA:1,(anonymous_1)
DA:6,1
DA:12,1
LF:2
LH:2
BRDA:12,0,0,1
BRDA:12,0,1,1
BRF:2
BRH:2
end_of_record
TN:
SF:src\components\SettingsPanel.jsx
FN:22,SettingsPanel
FN:24,(anonymous_1)
FN:25,(anonymous_2)
FN:26,(anonymous_3)
FN:38,(anonymous_4)
FN:43,savePreferences
FN:48,handleDarkModeChange
FN:59,(anonymous_7)
FN:102,(anonymous_8)
FN:123,(anonymous_9)
FN:146,(anonymous_10)
FNF:11
FNH:4
FNDA:2,SettingsPanel
FNDA:3,(anonymous_1)
FNDA:3,(anonymous_2)
FNDA:3,(anonymous_3)
FNDA:0,(anonymous_4)
FNDA:0,savePreferences
FNDA:0,handleDarkModeChange
FNDA:0,(anonymous_7)
FNDA:0,(anonymous_8)
FNDA:0,(anonymous_9)
FNDA:0,(anonymous_10)
DA:17,1
DA:22,1
DA:23,2
DA:24,3
DA:25,3
DA:26,3
DA:28,2
DA:30,2
DA:38,2
DA:39,0
DA:40,0
DA:44,0
DA:45,0
DA:49,0
DA:52,2
DA:59,0
DA:102,0
DA:123,0
DA:146,0
LF:19
LH:10
BRDA:33,0,0,2
BRDA:33,0,1,0
BRDA:34,1,0,2
BRDA:34,1,1,0
BRDA:58,2,0,2
BRDA:58,2,1,0
BRF:6
BRH:3
end_of_record
TN:
SF:src\components\TablePagination.jsx
FN:7,TablePagination
FN:13,goToPage
FN:36,(anonymous_2)
FN:48,(anonymous_3)
FNF:4
FNH:1
FNDA:2,TablePagination
FNDA:0,goToPage
FNDA:0,(anonymous_2)
FNDA:0,(anonymous_3)
DA:9,2
DA:11,2
DA:15,0
DA:16,0
DA:19,0
DA:21,0
DA:25,2
DA:36,0
DA:48,0
LF:9
LH:3
BRDA:11,0,0,2
BRDA:11,0,1,0
BRDA:15,1,0,0
BRDA:15,1,1,0
BRDA:15,2,0,0
BRDA:15,2,1,0
BRF:6
BRH:1
end_of_record
TN:
SF:src\components\common\DataTable.jsx
FN:11,DataTable
FN:18,(anonymous_1)
FN:27,(anonymous_2)
FN:29,(anonymous_3)
FNF:4
FNH:4
FNDA:3,DataTable
FNDA:11,(anonymous_1)
FNDA:5,(anonymous_2)
FNDA:19,(anonymous_3)
DA:12,3
DA:19,11
DA:28,5
DA:30,19
LF:4
LH:4
BRDA:31,0,0,4
BRDA:31,0,1,15
BRF:2
BRH:2
end_of_record
TN:
SF:src\hooks\useAuth.js
FN:4,useAuth
FN:8,(anonymous_1)
FN:9,(anonymous_2)
FN:11,handleLogout
FNF:4
FNH:0
FNDA:0,useAuth
FNDA:0,(anonymous_1)
FNDA:0,(anonymous_2)
FNDA:0,handleLogout
DA:6,0
DA:8,0
DA:9,0
DA:12,0
DA:15,0
LF:5
LH:0
BRF:0
BRH:0
end_of_record
TN:
SF:src\hooks\useNotification.js
FN:4,useNotification
FN:8,(anonymous_1)
FN:10,(anonymous_2)
FN:12,readNotification
FN:16,readAll
FNF:5
FNH:0
FNDA:0,useNotification
FNDA:0,(anonymous_1)
FNDA:0,(anonymous_2)
FNDA:0,readNotification
FNDA:0,readAll
DA:6,0
DA:8,0
DA:10,0
DA:13,0
DA:17,0
DA:20,0
LF:6
LH:0
BRF:0
BRH:0
end_of_record
TN:
SF:src\hooks\useTheme.js
FN:4,useTheme
FN:8,(anonymous_1)
FN:10,switchTheme
FNF:3
FNH:0
FNDA:0,useTheme
FNDA:0,(anonymous_1)
FNDA:0,switchTheme
DA:6,0
DA:8,0
DA:11,0
DA:14,0
LF:4
LH:0
BRF:0
BRH:0
end_of_record
TN:
SF:src\layouts\Footer.jsx
FN:1,Footer
FNF:1
FNH:0
FNDA:0,Footer
DA:3,0
LF:1
LH:0
BRF:0
BRH:0
end_of_record
TN:
SF:src\layouts\Header.jsx
FN:6,Header
FNF:1
FNH:0
FNDA:0,Header
DA:8,0
LF:1
LH:0
BRF:0
BRH:0
end_of_record
TN:
SF:src\layouts\MainLayout.jsx
FN:6,MainLayout
FNF:1
FNH:0
FNDA:0,MainLayout
DA:8,0
LF:1
LH:0
BRF:0
BRH:0
end_of_record
TN:
SF:src\layouts\Sidebar.jsx
FN:8,Sidebar
FNF:1
FNH:0
FNDA:0,Sidebar
DA:10,0
LF:1
LH:0
BRF:0
BRH:0
end_of_record
TN:
SF:src\pages\Audit.jsx
FN:13,Audit
FN:18,loadAudits
FN:29,(anonymous_2)
FN:65,(anonymous_3)
FNF:4
FNH:4
FNDA:2,Audit
FNDA:1,loadAudits
FNDA:1,(anonymous_2)
FNDA:1,(anonymous_3)
DA:14,2
DA:15,2
DA:16,2
DA:19,1
DA:20,1
DA:21,1
DA:23,0
DA:25,1
DA:29,2
DA:30,1
DA:33,2
DA:34,1
DA:41,1
DA:42,0
DA:49,1
DA:66,1
LF:16
LH:14
BRDA:33,0,0,1
BRDA:33,0,1,1
BRDA:41,1,0,0
BRDA:41,1,1,1
BRF:4
BRH:3
end_of_record
TN:
SF:src\pages\Compliance.jsx
FN:15,Compliance
FN:20,loadIssues
FN:31,(anonymous_2)
FN:35,(anonymous_3)
FN:37,(anonymous_4)
FN:90,(anonymous_5)
FNF:6
FNH:6
FNDA:2,Compliance
FNDA:1,loadIssues
FNDA:1,(anonymous_2)
FNDA:2,(anonymous_3)
FNDA:1,(anonymous_4)
FNDA:1,(anonymous_5)
DA:15,1
DA:16,2
DA:17,2
DA:18,2
DA:21,1
DA:22,1
DA:23,1
DA:25,0
DA:27,1
DA:31,2
DA:32,1
DA:35,2
DA:36,2
DA:37,2
DA:38,1
DA:39,1
DA:40,1
DA:41,1
DA:43,2
DA:46,2
DA:47,1
DA:49,1
DA:91,1
LF:23
LH:22
BRDA:38,0,0,1
BRDA:38,0,1,0
BRDA:39,1,0,0
BRDA:39,1,1,1
BRDA:40,2,0,1
BRDA:40,2,1,0
BRDA:41,3,0,0
BRDA:41,3,1,1
BRDA:46,4,0,1
BRDA:46,4,1,1
BRDA:47,5,0,0
BRDA:47,5,1,1
BRF:12
BRH:7
end_of_record
TN:
SF:src\pages\Login.jsx
FN:12,Login
FN:15,(anonymous_1)
FN:27,(anonymous_2)
FN:32,onSubmit
FNF:4
FNH:2
FNDA:2,Login
FNDA:3,(anonymous_1)
FNDA:0,(anonymous_2)
FNDA:0,onSubmit
DA:13,2
DA:14,2
DA:15,3
DA:16,2
DA:23,2
DA:27,2
DA:28,0
DA:29,0
DA:33,0
DA:34,0
DA:35,0
DA:36,0
DA:37,0
DA:38,0
DA:41,0
DA:42,0
DA:43,0
DA:48,2
LF:18
LH:7
BRDA:24,0,0,2
BRDA:24,0,1,0
BRDA:33,1,0,0
BRDA:33,1,1,0
BRDA:35,2,0,0
BRDA:35,2,1,0
BRDA:37,3,0,0
BRDA:37,3,1,0
BRDA:37,4,0,0
BRDA:37,4,1,0
BRDA:37,4,2,0
BRDA:42,5,0,0
BRDA:42,5,1,0
BRDA:52,6,0,2
BRDA:52,6,1,0
BRDA:55,7,0,2
BRDA:55,7,1,0
BRDA:63,8,0,0
BRDA:63,8,1,0
BRDA:75,9,0,2
BRDA:75,9,1,0
BRDA:85,10,0,2
BRDA:85,10,1,0
BRDA:89,11,0,2
BRDA:89,11,1,0
BRDA:98,12,0,0
BRDA:98,12,1,0
BRDA:104,13,0,2
BRDA:104,13,1,0
BRDA:109,14,0,2
BRDA:109,14,1,0
BRDA:113,15,0,2
BRDA:113,15,1,0
BRF:33
BRH:9
end_of_record
TN:
SF:src\pages\Procurement.jsx
FN:16,Procurement
FN:27,(anonymous_1)
FN:28,(anonymous_2)
FN:37,(anonymous_3)
FN:42,loadRequests
FN:53,(anonymous_5)
FN:57,handleSubmit
FN:79,(anonymous_7)
FN:104,(anonymous_8)
FN:105,(anonymous_9)
FN:106,(anonymous_10)
FN:120,(anonymous_11)
FN:123,(anonymous_12)
FNF:13
FNH:6
FNDA:2,Procurement
FNDA:2,(anonymous_1)
FNDA:1,(anonymous_2)
FNDA:0,(anonymous_3)
FNDA:1,loadRequests
FNDA:1,(anonymous_5)
FNDA:0,handleSubmit
FNDA:1,(anonymous_7)
FNDA:0,(anonymous_8)
FNDA:0,(anonymous_9)
FNDA:0,(anonymous_10)
FNDA:0,(anonymous_11)
FNDA:0,(anonymous_12)
DA:17,2
DA:18,2
DA:19,2
DA:21,2
DA:22,2
DA:23,2
DA:24,2
DA:25,2
DA:27,2
DA:28,2
DA:29,1
DA:35,2
DA:37,2
DA:38,0
DA:39,0
DA:43,1
DA:44,1
DA:45,1
DA:47,0
DA:49,1
DA:53,2
DA:54,1
DA:58,0
DA:65,0
DA:66,0
DA:67,0
DA:68,0
DA:71,2
DA:79,1
DA:83,2
DA:84,1
DA:91,1
DA:92,0
DA:99,1
DA:104,0
DA:105,0
DA:106,0
DA:120,0
DA:123,0
LF:39
LH:25
BRDA:29,0,0,1
BRDA:29,0,1,0
BRDA:29,0,2,0
BRDA:83,1,0,1
BRDA:83,1,1,1
BRDA:91,2,0,0
BRDA:91,2,1,1
BRF:7
BRH:4
end_of_record
TN:
SF:src\pages\Reports.jsx
FN:10,Reports
FN:16,(anonymous_1)
FN:17,(anonymous_2)
FN:23,(anonymous_3)
FN:27,loadReports
FN:38,(anonymous_5)
FN:42,(anonymous_6)
FN:47,(anonymous_7)
FN:51,(anonymous_8)
FN:69,(anonymous_9)
FNF:10
FNH:6
FNDA:2,Reports
FNDA:2,(anonymous_1)
FNDA:1,(anonymous_2)
FNDA:0,(anonymous_3)
FNDA:1,loadReports
FNDA:1,(anonymous_5)
FNDA:1,(anonymous_6)
FNDA:0,(anonymous_7)
FNDA:0,(anonymous_8)
FNDA:0,(anonymous_9)
DA:10,1
DA:11,2
DA:12,2
DA:13,2
DA:14,2
DA:16,2
DA:17,2
DA:18,1
DA:23,2
DA:24,0
DA:28,1
DA:29,1
DA:30,1
DA:32,0
DA:34,1
DA:38,2
DA:39,1
DA:42,2
DA:47,2
DA:48,0
DA:51,2
DA:52,0
DA:55,2
DA:56,1
DA:58,1
DA:69,0
LF:26
LH:21
BRDA:18,0,0,1
BRDA:18,0,1,0
BRDA:55,1,0,1
BRDA:55,1,1,1
BRDA:56,2,0,0
BRDA:56,2,1,1
BRF:6
BRH:4
end_of_record
TN:
SF:src\pages\Risk.jsx
FN:14,Risk
FN:19,loadRisks
FN:30,(anonymous_2)
FN:34,(anonymous_3)
FN:36,(anonymous_4)
FN:87,(anonymous_5)
FNF:6
FNH:6
FNDA:2,Risk
FNDA:1,loadRisks
FNDA:1,(anonymous_2)
FNDA:2,(anonymous_3)
FNDA:1,(anonymous_4)
FNDA:1,(anonymous_5)
DA:14,1
DA:15,2
DA:16,2
DA:17,2
DA:20,1
DA:21,1
DA:22,1
DA:24,0
DA:26,1
DA:30,2
DA:31,1
DA:34,2
DA:35,2
DA:36,2
DA:37,1
DA:39,2
DA:42,2
DA:43,1
DA:45,1
DA:88,1
LF:20
LH:19
BRDA:37,0,0,1
BRDA:37,0,1,0
BRDA:42,1,0,1
BRDA:42,1,1,1
BRDA:43,2,0,0
BRDA:43,2,1,1
BRF:6
BRH:4
end_of_record
TN:
SF:src\pages\Settings.jsx
FN:3,Settings
FNF:1
FNH:1
FNDA:1,Settings
DA:4,1
LF:1
LH:1
BRF:0
BRH:0
end_of_record
TN:
SF:src\pages\Vendors.jsx
FN:12,Vendors
FN:13,(anonymous_1)
FN:25,(anonymous_2)
FN:26,(anonymous_3)
FN:35,(anonymous_4)
FN:47,(anonymous_5)
FN:55,(anonymous_6)
FN:56,(anonymous_7)
FN:62,(anonymous_8)
FN:73,(anonymous_9)
FNF:10
FNH:7
FNDA:1,Vendors
FNDA:2,(anonymous_1)
FNDA:1,(anonymous_2)
FNDA:3,(anonymous_3)
FNDA:0,(anonymous_4)
FNDA:3,(anonymous_5)
FNDA:3,(anonymous_6)
FNDA:3,(anonymous_7)
FNDA:0,(anonymous_8)
FNDA:0,(anonymous_9)
DA:13,2
DA:14,1
DA:16,1
DA:22,1
DA:25,1
DA:26,1
DA:27,3
DA:33,1
DA:35,1
DA:36,0
DA:37,0
DA:40,1
DA:47,3
DA:51,1
DA:55,3
DA:56,3
DA:62,0
DA:73,0
LF:18
LH:14
BRDA:27,0,0,3
BRDA:27,0,1,0
BRDA:27,0,2,0
BRF:3
BRH:1
end_of_record
TN:
SF:src\redux\approvalSlice.js
FN:8,(anonymous_0)
FN:34,(anonymous_1)
FN:40,(anonymous_2)
FN:44,(anonymous_3)
FN:56,(anonymous_4)
FN:59,(anonymous_5)
FNF:6
FNH:1
FNDA:0,(anonymous_0)
FNDA:0,(anonymous_1)
FNDA:0,(anonymous_2)
FNDA:0,(anonymous_3)
FNDA:1,(anonymous_4)
FNDA:0,(anonymous_5)
DA:4,1
DA:10,0
DA:12,0
DA:18,1
DA:36,0
DA:42,0
DA:44,0
DA:48,0
DA:49,0
DA:58,1
DA:61,0
DA:69,1
LF:12
LH:4
BRDA:48,0,0,0
BRDA:48,0,1,0
BRF:2
BRH:0
end_of_record
TN:
SF:src\redux\auditSlice.js
FN:8,(anonymous_0)
FN:34,(anonymous_1)
FN:37,(anonymous_2)
FNF:3
FNH:1
FNDA:0,(anonymous_0)
FNDA:1,(anonymous_1)
FNDA:0,(anonymous_2)
DA:4,1
DA:10,0
DA:12,0
DA:18,1
DA:36,1
DA:39,0
LF:6
LH:3
BRF:0
BRH:0
end_of_record
TN:
SF:src\redux\authSlice.js
FN:8,(anonymous_0)
FN:31,(anonymous_1)
FN:66,(anonymous_2)
FN:80,(anonymous_3)
FN:90,(anonymous_4)
FN:100,(anonymous_5)
FN:103,(anonymous_6)
FN:112,(anonymous_7)
FN:117,(anonymous_8)
FN:126,(anonymous_9)
FNF:10
FNH:4
FNDA:0,(anonymous_0)
FNDA:0,(anonymous_1)
FNDA:1,(anonymous_2)
FNDA:1,(anonymous_3)
FNDA:1,(anonymous_4)
FNDA:5,(anonymous_5)
FNDA:0,(anonymous_6)
FNDA:0,(anonymous_7)
FNDA:0,(anonymous_8)
FNDA:0,(anonymous_9)
DA:4,5
DA:10,0
DA:12,0
DA:14,0
DA:19,0
DA:27,5
DA:33,0
DA:35,0
DA:37,0
DA:42,0
DA:50,5
DA:68,1
DA:70,1
DA:76,1
DA:82,1
DA:84,1
DA:86,1
DA:92,1
DA:94,1
DA:102,5
DA:105,0
DA:107,0
DA:109,0
DA:114,0
DA:119,0
DA:121,0
DA:123,0
DA:128,0
DA:136,5
LF:29
LH:13
BRDA:70,0,0,1
BRDA:70,0,1,0
BRF:2
BRH:1
end_of_record
TN:
SF:src\redux\complianceSlice.js
FN:8,(anonymous_0)
FN:34,(anonymous_1)
FN:37,(anonymous_2)
FNF:3
FNH:1
FNDA:0,(anonymous_0)
FNDA:1,(anonymous_1)
FNDA:0,(anonymous_2)
DA:4,1
DA:10,0
DA:12,0
DA:18,1
DA:36,1
DA:39,0
LF:6
LH:3
BRF:0
BRH:0
end_of_record
TN:
SF:src\redux\dashboardSlice.js
FNF:0
FNH:0
DA:3,2
LF:1
LH:1
BRF:0
BRH:0
end_of_record
TN:
SF:src\redux\notificationSlice.js
FN:8,(anonymous_0)
FN:31,(anonymous_1)
FN:33,(anonymous_2)
FN:39,(anonymous_3)
FN:41,(anonymous_4)
FN:47,(anonymous_5)
FN:48,(anonymous_6)
FN:53,(anonymous_7)
FN:55,(anonymous_8)
FNF:9
FNH:1
FNDA:0,(anonymous_0)
FNDA:0,(anonymous_1)
FNDA:0,(anonymous_2)
FNDA:0,(anonymous_3)
FNDA:0,(anonymous_4)
FNDA:0,(anonymous_5)
FNDA:0,(anonymous_6)
FNDA:2,(anonymous_7)
FNDA:0,(anonymous_8)
DA:4,2
DA:10,0
DA:12,0
DA:18,2
DA:32,0
DA:33,0
DA:35,0
DA:36,0
DA:40,0
DA:41,0
DA:43,0
DA:44,0
DA:48,0
DA:49,0
DA:54,2
DA:56,0
DA:61,2
LF:17
LH:4
BRDA:35,0,0,0
BRDA:35,0,1,0
BRDA:43,1,0,0
BRDA:43,1,1,0
BRF:4
BRH:0
end_of_record
TN:
SF:src\redux\procurementSlice.js
FN:8,(anonymous_0)
FN:34,(anonymous_1)
FN:42,(anonymous_2)
FN:45,(anonymous_3)
FN:52,(anonymous_4)
FN:59,(anonymous_5)
FNF:6
FNH:1
FNDA:0,(anonymous_0)
FNDA:0,(anonymous_1)
FNDA:1,(anonymous_2)
FNDA:0,(anonymous_3)
FNDA:0,(anonymous_4)
FNDA:0,(anonymous_5)
DA:4,1
DA:10,0
DA:12,0
DA:18,1
DA:36,0
DA:44,1
DA:47,0
DA:49,0
DA:54,0
DA:56,0
DA:61,0
DA:63,0
DA:71,1
LF:13
LH:4
BRF:0
BRH:0
end_of_record
TN:
SF:src\redux\reportSlice.js
FN:8,(anonymous_0)
FN:34,(anonymous_1)
FN:37,(anonymous_2)
FNF:3
FNH:1
FNDA:0,(anonymous_0)
FNDA:1,(anonymous_1)
FNDA:0,(anonymous_2)
DA:4,1
DA:10,0
DA:12,0
DA:18,1
DA:36,1
DA:39,0
LF:6
LH:3
BRF:0
BRH:0
end_of_record
TN:
SF:src\redux\riskSlice.js
FN:8,(anonymous_0)
FN:34,(anonymous_1)
FN:37,(anonymous_2)
FN:42,(anonymous_3)
FN:49,(anonymous_4)
FNF:5
FNH:1
FNDA:0,(anonymous_0)
FNDA:1,(anonymous_1)
FNDA:0,(anonymous_2)
FNDA:0,(anonymous_3)
FNDA:0,(anonymous_4)
DA:4,1
DA:10,0
DA:12,0
DA:18,1
DA:36,1
DA:39,0
DA:44,0
DA:46,0
DA:51,0
DA:53,0
LF:10
LH:3
BRF:0
BRH:0
end_of_record
TN:
SF:src\redux\store.js
FN:5,(anonymous_0)
FN:6,(anonymous_1)
FN:10,(anonymous_2)
FN:72,(anonymous_3)
FNF:4
FNH:2
FNDA:1,(anonymous_0)
FNDA:0,(anonymous_1)
FNDA:0,(anonymous_2)
FNDA:1,(anonymous_3)
DA:4,1
DA:5,1
DA:7,0
DA:8,0
DA:11,0
DA:12,0
DA:28,1
DA:54,1
DA:66,1
DA:68,1
DA:74,1
DA:93,1
LF:12
LH:8
BRF:0
BRH:0
end_of_record
TN:
SF:src\redux\uiSlice.js
FN:27,(anonymous_0)
FN:33,(anonymous_1)
FN:39,(anonymous_2)
FN:45,(anonymous_3)
FNF:4
FNH:0
FNDA:0,(anonymous_0)
FNDA:0,(anonymous_1)
FNDA:0,(anonymous_2)
FNDA:0,(anonymous_3)
DA:3,3
DA:29,0
DA:35,0
DA:41,0
DA:47,0
DA:55,3
LF:6
LH:2
BRF:0
BRH:0
end_of_record
TN:
SF:src\redux\vendorSlice.js
FN:9,(anonymous_0)
FN:35,(anonymous_1)
FN:39,(anonymous_2)
FN:63,(anonymous_3)
FN:66,(anonymous_4)
FNF:5
FNH:3
FNDA:0,(anonymous_0)
FNDA:1,(anonymous_1)
FNDA:1,(anonymous_2)
FNDA:3,(anonymous_3)
FNDA:0,(anonymous_4)
DA:5,3
DA:11,0
DA:13,0
DA:19,3
DA:37,1
DA:39,1
DA:43,1
DA:45,1
DA:65,3
DA:68,0
DA:76,3
LF:11
LH:8
BRDA:43,0,0,1
BRDA:43,0,1,0
BRF:2
BRH:1
end_of_record
TN:
SF:src\routes\AppRoutes.jsx
FN:9,(anonymous_0)
FN:10,(anonymous_1)
FN:11,(anonymous_2)
FN:12,(anonymous_3)
FN:13,(anonymous_4)
FN:14,(anonymous_5)
FN:15,(anonymous_6)
FN:16,(anonymous_7)
FN:17,(anonymous_8)
FN:18,(anonymous_9)
FN:19,(anonymous_10)
FN:20,(anonymous_11)
FN:21,(anonymous_12)
FN:22,(anonymous_13)
FN:23,(anonymous_14)
FN:24,(anonymous_15)
FN:26,AppRoutes
FNF:17
FNH:2
FNDA:1,(anonymous_0)
FNDA:0,(anonymous_1)
FNDA:0,(anonymous_2)
FNDA:0,(anonymous_3)
FNDA:0,(anonymous_4)
FNDA:0,(anonymous_5)
FNDA:0,(anonymous_6)
FNDA:0,(anonymous_7)
FNDA:0,(anonymous_8)
FNDA:0,(anonymous_9)
FNDA:0,(anonymous_10)
FNDA:0,(anonymous_11)
FNDA:0,(anonymous_12)
FNDA:0,(anonymous_13)
FNDA:0,(anonymous_14)
FNDA:0,(anonymous_15)
FNDA:1,AppRoutes
DA:9,1
DA:10,1
DA:11,1
DA:12,1
DA:13,1
DA:14,1
DA:15,1
DA:16,1
DA:17,1
DA:18,1
DA:19,1
DA:20,1
DA:21,1
DA:22,1
DA:23,1
DA:24,1
DA:28,1
LF:17
LH:17
BRF:0
BRH:0
end_of_record
TN:
SF:src\routes\ProtectedRoute.jsx
FN:4,ProtectedRoute
FN:8,(anonymous_1)
FNF:2
FNH:2
FNDA:2,ProtectedRoute
FNDA:4,(anonymous_1)
DA:6,2
DA:8,4
DA:12,2
DA:14,1
DA:18,1
LF:5
LH:5
BRDA:12,0,0,1
BRDA:12,0,1,1
BRF:2
BRH:2
end_of_record
TN:
SF:src\routes\RoleRoute.jsx
FN:5,RoleRoute
FN:7,(anonymous_1)
FNF:2
FNH:0
FNDA:0,RoleRoute
FNDA:0,(anonymous_1)
DA:7,0
DA:9,0
LF:2
LH:0
BRDA:13,0,0,0
BRDA:13,0,1,0
BRF:2
BRH:0
end_of_record
TN:
SF:src\services\apiClient.js
FN:13,(anonymous_0)
FN:21,(anonymous_1)
FN:31,(anonymous_2)
FN:39,(anonymous_3)
FN:49,mockApi
FN:51,(anonymous_5)
FN:53,(anonymous_6)
FNF:7
FNH:0
FNDA:0,(anonymous_0)
FNDA:0,(anonymous_1)
FNDA:0,(anonymous_2)
FNDA:0,(anonymous_3)
FNDA:0,mockApi
FNDA:0,(anonymous_5)
FNDA:0,(anonymous_6)
DA:3,17
DA:11,17
DA:15,0
DA:17,0
DA:23,0
DA:29,17
DA:33,0
DA:35,0
DA:41,0
DA:43,0
DA:51,0
DA:53,0
DA:55,0
LF:13
LH:3
BRDA:49,0,0,0
BRF:1
BRH:0
end_of_record
TN:
SF:src\services\approvalService.js
FN:4,getApprovalQueue
FNF:1
FNH:0
FNDA:0,getApprovalQueue
DA:6,0
DA:8,0
LF:2
LH:0
BRF:0
BRH:0
end_of_record
TN:
SF:src\services\auditService.js
FN:4,getAudits
FNF:1
FNH:1
FNDA:1,getAudits
DA:6,1
DA:8,1
LF:2
LH:2
BRF:0
BRH:0
end_of_record
TN:
SF:src\services\authService.js
FN:4,loginUser
FN:8,(anonymous_1)
FN:23,signupUser
FN:25,(anonymous_3)
FN:49,getUsers
FN:53,(anonymous_5)
FNF:6
FNH:2
FNDA:2,loginUser
FNDA:1,(anonymous_1)
FNDA:0,signupUser
FNDA:0,(anonymous_3)
FNDA:0,getUsers
FNDA:0,(anonymous_5)
DA:6,2
DA:8,2
DA:9,2
DA:10,1
DA:12,1
DA:13,0
DA:15,1
DA:17,1
DA:19,1
DA:25,0
DA:26,0
DA:27,0
DA:30,0
DA:39,0
DA:41,0
DA:43,0
DA:45,0
DA:51,0
DA:53,0
LF:19
LH:8
BRDA:9,0,0,1
BRDA:9,0,1,1
BRDA:12,1,0,0
BRDA:12,1,1,1
BRDA:26,2,0,0
BRDA:26,2,1,0
BRF:6
BRH:3
end_of_record
TN:
SF:src\services\complianceService.js
FN:4,getComplianceIssues
FNF:1
FNH:1
FNDA:1,getComplianceIssues
DA:6,1
DA:8,1
LF:2
LH:2
BRF:0
BRH:0
end_of_record
TN:
SF:src\services\notificationService.js
FN:4,getNotifications
FNF:1
FNH:0
FNDA:0,getNotifications
DA:6,0
DA:8,0
LF:2
LH:0
BRF:0
BRH:0
end_of_record
TN:
SF:src\services\procurementService.js
FN:4,getProcurementRequests
FNF:1
FNH:0
FNDA:0,getProcurementRequests
DA:6,0
DA:8,0
LF:2
LH:0
BRF:0
BRH:0
end_of_record
TN:
SF:src\services\reportService.js
FN:4,getReports
FNF:1
FNH:1
FNDA:1,getReports
DA:6,1
DA:8,1
LF:2
LH:2
BRF:0
BRH:0
end_of_record
TN:
SF:src\services\riskService.js
FN:4,getRisks
FNF:1
FNH:1
FNDA:1,getRisks
DA:6,1
DA:8,1
LF:2
LH:2
BRF:0
BRH:0
end_of_record
TN:
SF:src\services\vendorServices.js
FN:4,getVendors
FNF:1
FNH:1
FNDA:1,getVendors
DA:6,1
DA:8,1
LF:2
LH:2
BRF:0
BRH:0
end_of_record
TN:
SF:src\tests\styleMock.js
FNF:0
FNH:0
DA:1,2
LF:1
LH:1
BRF:0
BRH:0
end_of_record
TN:
SF:src\utils\helpers.js
FN:1,filterBySearch
FN:9,(anonymous_1)
FN:11,(anonymous_2)
FN:27,exportToCSV
FN:35,(anonymous_4)
FN:37,(anonymous_5)
FN:53,paginateList
FNF:7
FNH:1
FNDA:0,filterBySearch
FNDA:0,(anonymous_1)
FNDA:0,(anonymous_2)
FNDA:0,exportToCSV
FNDA:0,(anonymous_4)
FNDA:0,(anonymous_5)
FNDA:3,paginateList
DA:3,0
DA:4,0
DA:7,0
DA:9,0
DA:11,0
DA:13,0
DA:15,0
DA:16,0
DA:19,0
DA:29,0
DA:30,0
DA:33,0
DA:35,0
DA:37,0
DA:41,0
DA:43,0
DA:45,0
DA:47,0
DA:48,0
DA:49,0
DA:55,3
DA:57,3
LF:22
LH:2
BRDA:3,0,0,0
BRDA:3,0,1,0
BRDA:15,1,0,0
BRDA:15,1,1,0
BRDA:29,2,0,0
BRDA:29,2,1,0
BRDA:29,3,0,0
BRDA:29,3,1,0
BRF:8
BRH:0
end_of_record
TN:
SF:src\validation\loginSchema.js
FNF:0
FNH:0
DA:3,2
LF:1
LH:1
BRF:0
BRH:0
end_of_record
TN:
SF:src\validation\signupSchema.js
FNF:0
FNH:0
DA:3,2
LF:1
LH:1
BRF:0
BRH:0
end_of_record
